;  LST file generated by mikroListExporter - v.2.0 
; Date/Time: 13/11/2018 07:29:51
;----------------------------------------------

;Address Opcode 	ASM
0x0000	0x2CFA      	GOTO       1274
_interrupt:
;LEDStrip.c,6 :: 		void interrupt(void){
0x0004	0x0870      	MOVF       R0, 0
0x0005	0x0020      	MOVLB      0
0x0006	0x00A1      	MOVWF      33
0x0007	0x0871      	MOVF       R1, 0
0x0008	0x00A0      	MOVWF      32
;LEDStrip.c,7 :: 		if(PEIE_bit == 1){
0x0009	0x3180      	MOVLP      0
0x000A	0x1F0B      	BTFSS      PEIE_bit, BitPos(PEIE_bit+0)
0x000B	0x2814      	GOTO       L_interrupt0
;LEDStrip.c,8 :: 		if(RCIE_bit == 1 && RCIF_bit == 1){
0x000C	0x0021      	MOVLB      1
0x000D	0x1E90      	BTFSS      RCIE_bit, BitPos(RCIE_bit+0)
0x000E	0x2814      	GOTO       L_interrupt3
0x000F	0x0020      	MOVLB      0
0x0010	0x1E90      	BTFSS      RCIF_bit, BitPos(RCIF_bit+0)
0x0011	0x2814      	GOTO       L_interrupt3
L__interrupt39:
;LEDStrip.c,9 :: 		RxTask();
0x0012	0x23DC      	CALL       _RxTask
;LEDStrip.c,10 :: 		}
0x0013	0x2814      	GOTO       L_interrupt4
L_interrupt3:
;LEDStrip.c,13 :: 		}
L_interrupt4:
;LEDStrip.c,14 :: 		}
L_interrupt0:
;LEDStrip.c,15 :: 		}
L_end_interrupt:
L__interrupt41:
0x0014	0x0020      	MOVLB      0
0x0015	0x0821      	MOVF       33, 0
0x0016	0x00F0      	MOVWF      R0
0x0017	0x0820      	MOVF       32, 0
0x0018	0x00F1      	MOVWF      R1
0x0019	0x0009      	RETFIE     %s
; end of _interrupt
_Unlock_IOLOCK:
;__Lib_PPS_1618_19.c,81 :: 		
;__Lib_PPS_1618_19.c,82 :: 		
0x001A	0x3055      	MOVLW      85
0x001B	0x003C      	MOVLB      28
0x001C	0x008F      	MOVWF      PPSLOCK
;__Lib_PPS_1618_19.c,83 :: 		
0x001D	0x30AA      	MOVLW      170
0x001E	0x008F      	MOVWF      PPSLOCK
;__Lib_PPS_1618_19.c,84 :: 		
0x001F	0x100F      	BCF        PPSLOCKED_bit, BitPos(PPSLOCKED_bit+0)
;__Lib_PPS_1618_19.c,85 :: 		
L_end_Unlock_IOLOCK:
0x0020	0x0008      	RETURN
; end of _Unlock_IOLOCK
_Lock_IOLOCK:
;__Lib_PPS_1618_19.c,87 :: 		
;__Lib_PPS_1618_19.c,88 :: 		
0x0021	0x3055      	MOVLW      85
0x0022	0x003C      	MOVLB      28
0x0023	0x008F      	MOVWF      PPSLOCK
;__Lib_PPS_1618_19.c,89 :: 		
0x0024	0x30AA      	MOVLW      170
0x0025	0x008F      	MOVWF      PPSLOCK
;__Lib_PPS_1618_19.c,90 :: 		
0x0026	0x140F      	BSF        PPSLOCKED_bit, BitPos(PPSLOCKED_bit+0)
;__Lib_PPS_1618_19.c,91 :: 		
L_end_Lock_IOLOCK:
0x0027	0x0008      	RETURN
; end of _Lock_IOLOCK
_UART1_Data_Ready:
;__Lib_UART_Remappable.c,53 :: 		
;__Lib_UART_Remappable.c,54 :: 		
0x0028	0x3000      	MOVLW      0
0x0029	0x0020      	MOVLB      0
0x002A	0x1A90      	BTFSC      PIR1, 5
0x002B	0x3001      	MOVLW      1
0x002C	0x00F0      	MOVWF      R0
;__Lib_UART_Remappable.c,55 :: 		
L_end_UART1_Data_Ready:
0x002D	0x0008      	RETURN
; end of _UART1_Data_Ready
_UART1_Remappable_Data_Ready:
;__Lib_UART_Remappable.c,57 :: 		
;__Lib_UART_Remappable.c,58 :: 		
0x002E	0x3000      	MOVLW      0
0x002F	0x0020      	MOVLB      0
0x0030	0x1A90      	BTFSC      PIR1, 5
0x0031	0x3001      	MOVLW      1
0x0032	0x00F0      	MOVWF      R0
;__Lib_UART_Remappable.c,59 :: 		
L_end_UART1_Remappable_Data_Ready:
0x0033	0x0008      	RETURN
; end of _UART1_Remappable_Data_Ready
_UART1_Tx_Idle:
;__Lib_UART_Remappable.c,85 :: 		
;__Lib_UART_Remappable.c,86 :: 		
0x0034	0x3000      	MOVLW      0
0x0035	0x0023      	MOVLB      3
0x0036	0x189E      	BTFSC      TX1STA, 1
0x0037	0x3001      	MOVLW      1
0x0038	0x00F0      	MOVWF      R0
;__Lib_UART_Remappable.c,87 :: 		
L_end_UART1_Tx_Idle:
0x0039	0x0008      	RETURN
; end of _UART1_Tx_Idle
_UART1_Remappable_Tx_Idle:
;__Lib_UART_Remappable.c,89 :: 		
;__Lib_UART_Remappable.c,90 :: 		
0x003A	0x3000      	MOVLW      0
0x003B	0x0023      	MOVLB      3
0x003C	0x189E      	BTFSC      TX1STA, 1
0x003D	0x3001      	MOVLW      1
0x003E	0x00F0      	MOVWF      R0
;__Lib_UART_Remappable.c,91 :: 		
L_end_UART1_Remappable_Tx_Idle:
0x003F	0x0008      	RETURN
; end of _UART1_Remappable_Tx_Idle
_UART1_Read:
;__Lib_UART_Remappable.c,62 :: 		
;__Lib_UART_Remappable.c,65 :: 		
0x0040	0x0023      	MOVLB      3
0x0041	0x0819      	MOVF       RC1REG, 0
0x0042	0x00F1      	MOVWF      R1
;__Lib_UART_Remappable.c,66 :: 		
0x0043	0x1C9D      	BTFSS      RC1STA, 1
0x0044	0x2847      	GOTO       L_UART1_Read2
;__Lib_UART_Remappable.c,67 :: 		
0x0045	0x121D      	BCF        RC1STA, 4
;__Lib_UART_Remappable.c,68 :: 		
0x0046	0x161D      	BSF        RC1STA, 4
;__Lib_UART_Remappable.c,69 :: 		
L_UART1_Read2:
;__Lib_UART_Remappable.c,70 :: 		
0x0047	0x0871      	MOVF       R1, 0
0x0048	0x00F0      	MOVWF      R0
;__Lib_UART_Remappable.c,71 :: 		
L_end_UART1_Read:
0x0049	0x0008      	RETURN
; end of _UART1_Read
__Lib_PPS_1618_19__PPS_Mapping:
;__Lib_PPS_1618_19.c,93 :: 		
;__Lib_PPS_1618_19.c,99 :: 		
0x004A	0x0025      	MOVLB      5
0x004B	0x0841      	MOVF       FARG___Lib_PPS_1618_19__PPS_Mapping_rp_num, 0
0x004C	0x3C05      	SUBLW      5
0x004D	0x1803      	BTFSC      STATUS, 0
0x004E	0x2854      	GOTO       L___Lib_PPS_1618_19__PPS_Mapping83
0x004F	0x300C      	MOVLW      12
0x0050	0x0241      	SUBWF      FARG___Lib_PPS_1618_19__PPS_Mapping_rp_num, 0
0x0051	0x1803      	BTFSC      STATUS, 0
0x0052	0x2854      	GOTO       L___Lib_PPS_1618_19__PPS_Mapping83
0x0053	0x2859      	GOTO       L___Lib_PPS_1618_19__PPS_Mapping82
L___Lib_PPS_1618_19__PPS_Mapping83:
0x0054	0x0841      	MOVF       FARG___Lib_PPS_1618_19__PPS_Mapping_rp_num, 0
0x0055	0x3C17      	SUBLW      23
0x0056	0x1C03      	BTFSS      STATUS, 0
0x0057	0x2859      	GOTO       L___Lib_PPS_1618_19__PPS_Mapping82
0x0058	0x285B      	GOTO       L___Lib_PPS_1618_19__PPS_Mapping4
L___Lib_PPS_1618_19__PPS_Mapping82:
;__Lib_PPS_1618_19.c,100 :: 		
0x0059	0x01F0      	CLRF       R0
0x005A	0x2B0D      	GOTO       L_end__PPS_Mapping
;__Lib_PPS_1618_19.c,101 :: 		
L___Lib_PPS_1618_19__PPS_Mapping4:
;__Lib_PPS_1618_19.c,103 :: 		
0x005B	0x0842      	MOVF       FARG___Lib_PPS_1618_19__PPS_Mapping_input_output, 0
0x005C	0x3A00      	XORLW      0
0x005D	0x1D03      	BTFSS      STATUS, 2
0x005E	0x2903      	GOTO       L___Lib_PPS_1618_19__PPS_Mapping5
;__Lib_PPS_1618_19.c,104 :: 		
0x005F	0x0844      	MOVF       FARG___Lib_PPS_1618_19__PPS_Mapping_lock, 0
0x0060	0x1903      	BTFSC      STATUS, 2
0x0061	0x2863      	GOTO       L___Lib_PPS_1618_19__PPS_Mapping6
;__Lib_PPS_1618_19.c,105 :: 		
0x0062	0x201A      	CALL       _Unlock_IOLOCK
L___Lib_PPS_1618_19__PPS_Mapping6:
;__Lib_PPS_1618_19.c,106 :: 		
0x0063	0x28B9      	GOTO       L___Lib_PPS_1618_19__PPS_Mapping7
;__Lib_PPS_1618_19.c,107 :: 		
L___Lib_PPS_1618_19__PPS_Mapping9:
0x0064	0x0025      	MOVLB      5
0x0065	0x0843      	MOVF       FARG___Lib_PPS_1618_19__PPS_Mapping_funct_name, 0
0x0066	0x003D      	MOVLB      29
0x0067	0x0090      	MOVWF      RA0PPS
0x0068	0x28FE      	GOTO       L___Lib_PPS_1618_19__PPS_Mapping8
;__Lib_PPS_1618_19.c,108 :: 		
L___Lib_PPS_1618_19__PPS_Mapping10:
0x0069	0x0025      	MOVLB      5
0x006A	0x0843      	MOVF       FARG___Lib_PPS_1618_19__PPS_Mapping_funct_name, 0
0x006B	0x003D      	MOVLB      29
0x006C	0x0091      	MOVWF      RA1PPS
0x006D	0x28FE      	GOTO       L___Lib_PPS_1618_19__PPS_Mapping8
;__Lib_PPS_1618_19.c,109 :: 		
L___Lib_PPS_1618_19__PPS_Mapping11:
0x006E	0x0025      	MOVLB      5
0x006F	0x0843      	MOVF       FARG___Lib_PPS_1618_19__PPS_Mapping_funct_name, 0
0x0070	0x003D      	MOVLB      29
0x0071	0x0092      	MOVWF      RA2PPS
0x0072	0x28FE      	GOTO       L___Lib_PPS_1618_19__PPS_Mapping8
;__Lib_PPS_1618_19.c,111 :: 		
L___Lib_PPS_1618_19__PPS_Mapping12:
0x0073	0x0025      	MOVLB      5
0x0074	0x0843      	MOVF       FARG___Lib_PPS_1618_19__PPS_Mapping_funct_name, 0
0x0075	0x003D      	MOVLB      29
0x0076	0x0094      	MOVWF      RA4PPS
0x0077	0x28FE      	GOTO       L___Lib_PPS_1618_19__PPS_Mapping8
;__Lib_PPS_1618_19.c,112 :: 		
L___Lib_PPS_1618_19__PPS_Mapping13:
0x0078	0x0025      	MOVLB      5
0x0079	0x0843      	MOVF       FARG___Lib_PPS_1618_19__PPS_Mapping_funct_name, 0
0x007A	0x003D      	MOVLB      29
0x007B	0x0095      	MOVWF      RA5PPS
0x007C	0x28FE      	GOTO       L___Lib_PPS_1618_19__PPS_Mapping8
;__Lib_PPS_1618_19.c,115 :: 		
L___Lib_PPS_1618_19__PPS_Mapping14:
0x007D	0x0025      	MOVLB      5
0x007E	0x0843      	MOVF       FARG___Lib_PPS_1618_19__PPS_Mapping_funct_name, 0
0x007F	0x003D      	MOVLB      29
0x0080	0x009C      	MOVWF      RB4PPS
0x0081	0x28FE      	GOTO       L___Lib_PPS_1618_19__PPS_Mapping8
;__Lib_PPS_1618_19.c,116 :: 		
L___Lib_PPS_1618_19__PPS_Mapping15:
0x0082	0x0025      	MOVLB      5
0x0083	0x0843      	MOVF       FARG___Lib_PPS_1618_19__PPS_Mapping_funct_name, 0
0x0084	0x003D      	MOVLB      29
0x0085	0x009D      	MOVWF      RB5PPS
0x0086	0x28FE      	GOTO       L___Lib_PPS_1618_19__PPS_Mapping8
;__Lib_PPS_1618_19.c,117 :: 		
L___Lib_PPS_1618_19__PPS_Mapping16:
0x0087	0x0025      	MOVLB      5
0x0088	0x0843      	MOVF       FARG___Lib_PPS_1618_19__PPS_Mapping_funct_name, 0
0x0089	0x003D      	MOVLB      29
0x008A	0x009E      	MOVWF      RB6PPS
0x008B	0x28FE      	GOTO       L___Lib_PPS_1618_19__PPS_Mapping8
;__Lib_PPS_1618_19.c,118 :: 		
L___Lib_PPS_1618_19__PPS_Mapping17:
0x008C	0x0025      	MOVLB      5
0x008D	0x0843      	MOVF       FARG___Lib_PPS_1618_19__PPS_Mapping_funct_name, 0
0x008E	0x003D      	MOVLB      29
0x008F	0x009F      	MOVWF      RB7PPS
0x0090	0x28FE      	GOTO       L___Lib_PPS_1618_19__PPS_Mapping8
;__Lib_PPS_1618_19.c,119 :: 		
L___Lib_PPS_1618_19__PPS_Mapping18:
0x0091	0x0025      	MOVLB      5
0x0092	0x0843      	MOVF       FARG___Lib_PPS_1618_19__PPS_Mapping_funct_name, 0
0x0093	0x003D      	MOVLB      29
0x0094	0x00A0      	MOVWF      RC0PPS
0x0095	0x28FE      	GOTO       L___Lib_PPS_1618_19__PPS_Mapping8
;__Lib_PPS_1618_19.c,120 :: 		
L___Lib_PPS_1618_19__PPS_Mapping19:
0x0096	0x0025      	MOVLB      5
0x0097	0x0843      	MOVF       FARG___Lib_PPS_1618_19__PPS_Mapping_funct_name, 0
0x0098	0x003D      	MOVLB      29
0x0099	0x00A1      	MOVWF      RC1PPS
0x009A	0x28FE      	GOTO       L___Lib_PPS_1618_19__PPS_Mapping8
;__Lib_PPS_1618_19.c,121 :: 		
L___Lib_PPS_1618_19__PPS_Mapping20:
0x009B	0x0025      	MOVLB      5
0x009C	0x0843      	MOVF       FARG___Lib_PPS_1618_19__PPS_Mapping_funct_name, 0
0x009D	0x003D      	MOVLB      29
0x009E	0x00A2      	MOVWF      RC2PPS
0x009F	0x28FE      	GOTO       L___Lib_PPS_1618_19__PPS_Mapping8
;__Lib_PPS_1618_19.c,122 :: 		
L___Lib_PPS_1618_19__PPS_Mapping21:
0x00A0	0x0025      	MOVLB      5
0x00A1	0x0843      	MOVF       FARG___Lib_PPS_1618_19__PPS_Mapping_funct_name, 0
0x00A2	0x003D      	MOVLB      29
0x00A3	0x00A3      	MOVWF      RC3PPS
0x00A4	0x28FE      	GOTO       L___Lib_PPS_1618_19__PPS_Mapping8
;__Lib_PPS_1618_19.c,123 :: 		
L___Lib_PPS_1618_19__PPS_Mapping22:
0x00A5	0x0025      	MOVLB      5
0x00A6	0x0843      	MOVF       FARG___Lib_PPS_1618_19__PPS_Mapping_funct_name, 0
0x00A7	0x003D      	MOVLB      29
0x00A8	0x00A4      	MOVWF      RC4PPS
0x00A9	0x28FE      	GOTO       L___Lib_PPS_1618_19__PPS_Mapping8
;__Lib_PPS_1618_19.c,124 :: 		
L___Lib_PPS_1618_19__PPS_Mapping23:
0x00AA	0x0025      	MOVLB      5
0x00AB	0x0843      	MOVF       FARG___Lib_PPS_1618_19__PPS_Mapping_funct_name, 0
0x00AC	0x003D      	MOVLB      29
0x00AD	0x00A5      	MOVWF      RC5PPS
0x00AE	0x28FE      	GOTO       L___Lib_PPS_1618_19__PPS_Mapping8
;__Lib_PPS_1618_19.c,125 :: 		
L___Lib_PPS_1618_19__PPS_Mapping24:
0x00AF	0x0025      	MOVLB      5
0x00B0	0x0843      	MOVF       FARG___Lib_PPS_1618_19__PPS_Mapping_funct_name, 0
0x00B1	0x003D      	MOVLB      29
0x00B2	0x00A6      	MOVWF      RC6PPS
0x00B3	0x28FE      	GOTO       L___Lib_PPS_1618_19__PPS_Mapping8
;__Lib_PPS_1618_19.c,126 :: 		
L___Lib_PPS_1618_19__PPS_Mapping25:
0x00B4	0x0025      	MOVLB      5
0x00B5	0x0843      	MOVF       FARG___Lib_PPS_1618_19__PPS_Mapping_funct_name, 0
0x00B6	0x003D      	MOVLB      29
0x00B7	0x00A7      	MOVWF      RC7PPS
0x00B8	0x28FE      	GOTO       L___Lib_PPS_1618_19__PPS_Mapping8
;__Lib_PPS_1618_19.c,127 :: 		
L___Lib_PPS_1618_19__PPS_Mapping7:
0x00B9	0x0025      	MOVLB      5
0x00BA	0x0841      	MOVF       FARG___Lib_PPS_1618_19__PPS_Mapping_rp_num, 0
0x00BB	0x3A00      	XORLW      0
0x00BC	0x1903      	BTFSC      STATUS, 2
0x00BD	0x2864      	GOTO       L___Lib_PPS_1618_19__PPS_Mapping9
0x00BE	0x0841      	MOVF       FARG___Lib_PPS_1618_19__PPS_Mapping_rp_num, 0
0x00BF	0x3A01      	XORLW      1
0x00C0	0x1903      	BTFSC      STATUS, 2
0x00C1	0x2869      	GOTO       L___Lib_PPS_1618_19__PPS_Mapping10
0x00C2	0x0841      	MOVF       FARG___Lib_PPS_1618_19__PPS_Mapping_rp_num, 0
0x00C3	0x3A02      	XORLW      2
0x00C4	0x1903      	BTFSC      STATUS, 2
0x00C5	0x286E      	GOTO       L___Lib_PPS_1618_19__PPS_Mapping11
0x00C6	0x0841      	MOVF       FARG___Lib_PPS_1618_19__PPS_Mapping_rp_num, 0
0x00C7	0x3A04      	XORLW      4
0x00C8	0x1903      	BTFSC      STATUS, 2
0x00C9	0x2873      	GOTO       L___Lib_PPS_1618_19__PPS_Mapping12
0x00CA	0x0841      	MOVF       FARG___Lib_PPS_1618_19__PPS_Mapping_rp_num, 0
0x00CB	0x3A05      	XORLW      5
0x00CC	0x1903      	BTFSC      STATUS, 2
0x00CD	0x2878      	GOTO       L___Lib_PPS_1618_19__PPS_Mapping13
0x00CE	0x0841      	MOVF       FARG___Lib_PPS_1618_19__PPS_Mapping_rp_num, 0
0x00CF	0x3A0C      	XORLW      12
0x00D0	0x1903      	BTFSC      STATUS, 2
0x00D1	0x287D      	GOTO       L___Lib_PPS_1618_19__PPS_Mapping14
0x00D2	0x0841      	MOVF       FARG___Lib_PPS_1618_19__PPS_Mapping_rp_num, 0
0x00D3	0x3A0D      	XORLW      13
0x00D4	0x1903      	BTFSC      STATUS, 2
0x00D5	0x2882      	GOTO       L___Lib_PPS_1618_19__PPS_Mapping15
0x00D6	0x0841      	MOVF       FARG___Lib_PPS_1618_19__PPS_Mapping_rp_num, 0
0x00D7	0x3A0E      	XORLW      14
0x00D8	0x1903      	BTFSC      STATUS, 2
0x00D9	0x2887      	GOTO       L___Lib_PPS_1618_19__PPS_Mapping16
0x00DA	0x0841      	MOVF       FARG___Lib_PPS_1618_19__PPS_Mapping_rp_num, 0
0x00DB	0x3A0F      	XORLW      15
0x00DC	0x1903      	BTFSC      STATUS, 2
0x00DD	0x288C      	GOTO       L___Lib_PPS_1618_19__PPS_Mapping17
0x00DE	0x0841      	MOVF       FARG___Lib_PPS_1618_19__PPS_Mapping_rp_num, 0
0x00DF	0x3A10      	XORLW      16
0x00E0	0x1903      	BTFSC      STATUS, 2
0x00E1	0x2891      	GOTO       L___Lib_PPS_1618_19__PPS_Mapping18
0x00E2	0x0841      	MOVF       FARG___Lib_PPS_1618_19__PPS_Mapping_rp_num, 0
0x00E3	0x3A11      	XORLW      17
0x00E4	0x1903      	BTFSC      STATUS, 2
0x00E5	0x2896      	GOTO       L___Lib_PPS_1618_19__PPS_Mapping19
0x00E6	0x0841      	MOVF       FARG___Lib_PPS_1618_19__PPS_Mapping_rp_num, 0
0x00E7	0x3A12      	XORLW      18
0x00E8	0x1903      	BTFSC      STATUS, 2
0x00E9	0x289B      	GOTO       L___Lib_PPS_1618_19__PPS_Mapping20
0x00EA	0x0841      	MOVF       FARG___Lib_PPS_1618_19__PPS_Mapping_rp_num, 0
0x00EB	0x3A13      	XORLW      19
0x00EC	0x1903      	BTFSC      STATUS, 2
0x00ED	0x28A0      	GOTO       L___Lib_PPS_1618_19__PPS_Mapping21
0x00EE	0x0841      	MOVF       FARG___Lib_PPS_1618_19__PPS_Mapping_rp_num, 0
0x00EF	0x3A14      	XORLW      20
0x00F0	0x1903      	BTFSC      STATUS, 2
0x00F1	0x28A5      	GOTO       L___Lib_PPS_1618_19__PPS_Mapping22
0x00F2	0x0841      	MOVF       FARG___Lib_PPS_1618_19__PPS_Mapping_rp_num, 0
0x00F3	0x3A15      	XORLW      21
0x00F4	0x1903      	BTFSC      STATUS, 2
0x00F5	0x28AA      	GOTO       L___Lib_PPS_1618_19__PPS_Mapping23
0x00F6	0x0841      	MOVF       FARG___Lib_PPS_1618_19__PPS_Mapping_rp_num, 0
0x00F7	0x3A16      	XORLW      22
0x00F8	0x1903      	BTFSC      STATUS, 2
0x00F9	0x28AF      	GOTO       L___Lib_PPS_1618_19__PPS_Mapping24
0x00FA	0x0841      	MOVF       FARG___Lib_PPS_1618_19__PPS_Mapping_rp_num, 0
0x00FB	0x3A17      	XORLW      23
0x00FC	0x1903      	BTFSC      STATUS, 2
0x00FD	0x28B4      	GOTO       L___Lib_PPS_1618_19__PPS_Mapping25
L___Lib_PPS_1618_19__PPS_Mapping8:
0x00FE	0x0025      	MOVLB      5
;__Lib_PPS_1618_19.c,128 :: 		
0x00FF	0x0844      	MOVF       FARG___Lib_PPS_1618_19__PPS_Mapping_lock, 0
0x0100	0x1903      	BTFSC      STATUS, 2
0x0101	0x2903      	GOTO       L___Lib_PPS_1618_19__PPS_Mapping26
;__Lib_PPS_1618_19.c,129 :: 		
0x0102	0x2021      	CALL       _Lock_IOLOCK
L___Lib_PPS_1618_19__PPS_Mapping26:
;__Lib_PPS_1618_19.c,130 :: 		
L___Lib_PPS_1618_19__PPS_Mapping5:
;__Lib_PPS_1618_19.c,132 :: 		
0x0103	0x0025      	MOVLB      5
0x0104	0x0842      	MOVF       FARG___Lib_PPS_1618_19__PPS_Mapping_input_output, 0
0x0105	0x3A01      	XORLW      1
0x0106	0x1D03      	BTFSS      STATUS, 2
0x0107	0x2A2C      	GOTO       L___Lib_PPS_1618_19__PPS_Mapping27
;__Lib_PPS_1618_19.c,133 :: 		
0x0108	0x0844      	MOVF       FARG___Lib_PPS_1618_19__PPS_Mapping_lock, 0
0x0109	0x1903      	BTFSC      STATUS, 2
0x010A	0x290C      	GOTO       L___Lib_PPS_1618_19__PPS_Mapping28
;__Lib_PPS_1618_19.c,134 :: 		
0x010B	0x201A      	CALL       _Unlock_IOLOCK
L___Lib_PPS_1618_19__PPS_Mapping28:
;__Lib_PPS_1618_19.c,136 :: 		
0x010C	0x0025      	MOVLB      5
0x010D	0x0841      	MOVF       FARG___Lib_PPS_1618_19__PPS_Mapping_rp_num, 0
0x010E	0x00C5      	MOVWF      __Lib_PPS_1618_19__PPS_Mapping_rpVal_L0
;__Lib_PPS_1618_19.c,138 :: 		
0x010F	0x29AA      	GOTO       L___Lib_PPS_1618_19__PPS_Mapping29
;__Lib_PPS_1618_19.c,139 :: 		
L___Lib_PPS_1618_19__PPS_Mapping31:
0x0110	0x0845      	MOVF       __Lib_PPS_1618_19__PPS_Mapping_rpVal_L0, 0
0x0111	0x003C      	MOVLB      28
0x0112	0x0090      	MOVWF      INTPPS
0x0113	0x2A27      	GOTO       L___Lib_PPS_1618_19__PPS_Mapping30
;__Lib_PPS_1618_19.c,140 :: 		
L___Lib_PPS_1618_19__PPS_Mapping32:
0x0114	0x0025      	MOVLB      5
0x0115	0x0845      	MOVF       __Lib_PPS_1618_19__PPS_Mapping_rpVal_L0, 0
0x0116	0x003C      	MOVLB      28
0x0117	0x0091      	MOVWF      T0CKIPPS
0x0118	0x2A27      	GOTO       L___Lib_PPS_1618_19__PPS_Mapping30
;__Lib_PPS_1618_19.c,141 :: 		
L___Lib_PPS_1618_19__PPS_Mapping33:
0x0119	0x0025      	MOVLB      5
0x011A	0x0845      	MOVF       __Lib_PPS_1618_19__PPS_Mapping_rpVal_L0, 0
0x011B	0x003C      	MOVLB      28
0x011C	0x0092      	MOVWF      T1CKIPPS
0x011D	0x2A27      	GOTO       L___Lib_PPS_1618_19__PPS_Mapping30
;__Lib_PPS_1618_19.c,142 :: 		
L___Lib_PPS_1618_19__PPS_Mapping34:
0x011E	0x0025      	MOVLB      5
0x011F	0x0845      	MOVF       __Lib_PPS_1618_19__PPS_Mapping_rpVal_L0, 0
0x0120	0x003C      	MOVLB      28
0x0121	0x0093      	MOVWF      T1GPPS
0x0122	0x2A27      	GOTO       L___Lib_PPS_1618_19__PPS_Mapping30
;__Lib_PPS_1618_19.c,143 :: 		
L___Lib_PPS_1618_19__PPS_Mapping35:
0x0123	0x0025      	MOVLB      5
0x0124	0x0845      	MOVF       __Lib_PPS_1618_19__PPS_Mapping_rpVal_L0, 0
0x0125	0x003C      	MOVLB      28
0x0126	0x0098      	MOVWF      T2PPS
0x0127	0x2A27      	GOTO       L___Lib_PPS_1618_19__PPS_Mapping30
;__Lib_PPS_1618_19.c,144 :: 		
L___Lib_PPS_1618_19__PPS_Mapping36:
0x0128	0x0025      	MOVLB      5
0x0129	0x0845      	MOVF       __Lib_PPS_1618_19__PPS_Mapping_rpVal_L0, 0
0x012A	0x003C      	MOVLB      28
0x012B	0x0099      	MOVWF      T3CKIPPS
0x012C	0x2A27      	GOTO       L___Lib_PPS_1618_19__PPS_Mapping30
;__Lib_PPS_1618_19.c,145 :: 		
L___Lib_PPS_1618_19__PPS_Mapping37:
0x012D	0x0025      	MOVLB      5
0x012E	0x0845      	MOVF       __Lib_PPS_1618_19__PPS_Mapping_rpVal_L0, 0
0x012F	0x003C      	MOVLB      28
0x0130	0x009A      	MOVWF      T3GPPS
0x0131	0x2A27      	GOTO       L___Lib_PPS_1618_19__PPS_Mapping30
;__Lib_PPS_1618_19.c,146 :: 		
L___Lib_PPS_1618_19__PPS_Mapping38:
0x0132	0x0025      	MOVLB      5
0x0133	0x0845      	MOVF       __Lib_PPS_1618_19__PPS_Mapping_rpVal_L0, 0
0x0134	0x003C      	MOVLB      28
0x0135	0x009B      	MOVWF      T4PPS
0x0136	0x2A27      	GOTO       L___Lib_PPS_1618_19__PPS_Mapping30
;__Lib_PPS_1618_19.c,147 :: 		
L___Lib_PPS_1618_19__PPS_Mapping39:
0x0137	0x0025      	MOVLB      5
0x0138	0x0845      	MOVF       __Lib_PPS_1618_19__PPS_Mapping_rpVal_L0, 0
0x0139	0x003C      	MOVLB      28
0x013A	0x009C      	MOVWF      T5CKIPPS
0x013B	0x2A27      	GOTO       L___Lib_PPS_1618_19__PPS_Mapping30
;__Lib_PPS_1618_19.c,148 :: 		
L___Lib_PPS_1618_19__PPS_Mapping40:
0x013C	0x0025      	MOVLB      5
0x013D	0x0845      	MOVF       __Lib_PPS_1618_19__PPS_Mapping_rpVal_L0, 0
0x013E	0x003C      	MOVLB      28
0x013F	0x009D      	MOVWF      T5GPPS
0x0140	0x2A27      	GOTO       L___Lib_PPS_1618_19__PPS_Mapping30
;__Lib_PPS_1618_19.c,149 :: 		
L___Lib_PPS_1618_19__PPS_Mapping41:
0x0141	0x0025      	MOVLB      5
0x0142	0x0845      	MOVF       __Lib_PPS_1618_19__PPS_Mapping_rpVal_L0, 0
0x0143	0x003C      	MOVLB      28
0x0144	0x009E      	MOVWF      T6PPS
0x0145	0x2A27      	GOTO       L___Lib_PPS_1618_19__PPS_Mapping30
;__Lib_PPS_1618_19.c,150 :: 		
L___Lib_PPS_1618_19__PPS_Mapping42:
0x0146	0x0025      	MOVLB      5
0x0147	0x0845      	MOVF       __Lib_PPS_1618_19__PPS_Mapping_rpVal_L0, 0
0x0148	0x003C      	MOVLB      28
0x0149	0x0094      	MOVWF      CCP1PPS
0x014A	0x2A27      	GOTO       L___Lib_PPS_1618_19__PPS_Mapping30
;__Lib_PPS_1618_19.c,151 :: 		
L___Lib_PPS_1618_19__PPS_Mapping43:
0x014B	0x0025      	MOVLB      5
0x014C	0x0845      	MOVF       __Lib_PPS_1618_19__PPS_Mapping_rpVal_L0, 0
0x014D	0x003C      	MOVLB      28
0x014E	0x0095      	MOVWF      CCP2PPS
0x014F	0x2A27      	GOTO       L___Lib_PPS_1618_19__PPS_Mapping30
;__Lib_PPS_1618_19.c,152 :: 		
L___Lib_PPS_1618_19__PPS_Mapping44:
0x0150	0x0025      	MOVLB      5
0x0151	0x0845      	MOVF       __Lib_PPS_1618_19__PPS_Mapping_rpVal_L0, 0
0x0152	0x003C      	MOVLB      28
0x0153	0x0097      	MOVWF      CWGINPPS
0x0154	0x2A27      	GOTO       L___Lib_PPS_1618_19__PPS_Mapping30
;__Lib_PPS_1618_19.c,153 :: 		
L___Lib_PPS_1618_19__PPS_Mapping45:
0x0155	0x0025      	MOVLB      5
0x0156	0x0845      	MOVF       __Lib_PPS_1618_19__PPS_Mapping_rpVal_L0, 0
0x0157	0x003C      	MOVLB      28
0x0158	0x00A0      	MOVWF      SSPCLKPPS
0x0159	0x2A27      	GOTO       L___Lib_PPS_1618_19__PPS_Mapping30
;__Lib_PPS_1618_19.c,154 :: 		
L___Lib_PPS_1618_19__PPS_Mapping46:
0x015A	0x0025      	MOVLB      5
0x015B	0x0845      	MOVF       __Lib_PPS_1618_19__PPS_Mapping_rpVal_L0, 0
0x015C	0x003C      	MOVLB      28
0x015D	0x00A1      	MOVWF      SSPDATPPS
0x015E	0x2A27      	GOTO       L___Lib_PPS_1618_19__PPS_Mapping30
;__Lib_PPS_1618_19.c,155 :: 		
L___Lib_PPS_1618_19__PPS_Mapping47:
0x015F	0x0025      	MOVLB      5
0x0160	0x0845      	MOVF       __Lib_PPS_1618_19__PPS_Mapping_rpVal_L0, 0
0x0161	0x003C      	MOVLB      28
0x0162	0x00A2      	MOVWF      SSPSSPPS
0x0163	0x2A27      	GOTO       L___Lib_PPS_1618_19__PPS_Mapping30
;__Lib_PPS_1618_19.c,156 :: 		
L___Lib_PPS_1618_19__PPS_Mapping48:
0x0164	0x0025      	MOVLB      5
0x0165	0x0845      	MOVF       __Lib_PPS_1618_19__PPS_Mapping_rpVal_L0, 0
0x0166	0x003C      	MOVLB      28
0x0167	0x00A4      	MOVWF      RXPPS
0x0168	0x2A27      	GOTO       L___Lib_PPS_1618_19__PPS_Mapping30
;__Lib_PPS_1618_19.c,157 :: 		
L___Lib_PPS_1618_19__PPS_Mapping49:
0x0169	0x0025      	MOVLB      5
0x016A	0x0845      	MOVF       __Lib_PPS_1618_19__PPS_Mapping_rpVal_L0, 0
0x016B	0x003C      	MOVLB      28
0x016C	0x00A5      	MOVWF      CKPPS
0x016D	0x2A27      	GOTO       L___Lib_PPS_1618_19__PPS_Mapping30
;__Lib_PPS_1618_19.c,158 :: 		
L___Lib_PPS_1618_19__PPS_Mapping50:
0x016E	0x0025      	MOVLB      5
0x016F	0x0845      	MOVF       __Lib_PPS_1618_19__PPS_Mapping_rpVal_L0, 0
0x0170	0x003C      	MOVLB      28
0x0171	0x00A8      	MOVWF      CLCIN0PPS
0x0172	0x2A27      	GOTO       L___Lib_PPS_1618_19__PPS_Mapping30
;__Lib_PPS_1618_19.c,159 :: 		
L___Lib_PPS_1618_19__PPS_Mapping51:
0x0173	0x0025      	MOVLB      5
0x0174	0x0845      	MOVF       __Lib_PPS_1618_19__PPS_Mapping_rpVal_L0, 0
0x0175	0x003C      	MOVLB      28
0x0176	0x00A9      	MOVWF      CLCIN1PPS
0x0177	0x2A27      	GOTO       L___Lib_PPS_1618_19__PPS_Mapping30
;__Lib_PPS_1618_19.c,160 :: 		
L___Lib_PPS_1618_19__PPS_Mapping52:
0x0178	0x0025      	MOVLB      5
0x0179	0x0845      	MOVF       __Lib_PPS_1618_19__PPS_Mapping_rpVal_L0, 0
0x017A	0x003C      	MOVLB      28
0x017B	0x00AA      	MOVWF      CLCIN2PPS
0x017C	0x2A27      	GOTO       L___Lib_PPS_1618_19__PPS_Mapping30
;__Lib_PPS_1618_19.c,161 :: 		
L___Lib_PPS_1618_19__PPS_Mapping53:
0x017D	0x0025      	MOVLB      5
0x017E	0x0845      	MOVF       __Lib_PPS_1618_19__PPS_Mapping_rpVal_L0, 0
0x017F	0x003C      	MOVLB      28
0x0180	0x00AB      	MOVWF      CLCIN3PPS
0x0181	0x2A27      	GOTO       L___Lib_PPS_1618_19__PPS_Mapping30
;__Lib_PPS_1618_19.c,162 :: 		
L___Lib_PPS_1618_19__PPS_Mapping54:
0x0182	0x0025      	MOVLB      5
0x0183	0x0845      	MOVF       __Lib_PPS_1618_19__PPS_Mapping_rpVal_L0, 0
0x0184	0x003C      	MOVLB      28
0x0185	0x00A7      	MOVWF      SMT1WINPPS
0x0186	0x2A27      	GOTO       L___Lib_PPS_1618_19__PPS_Mapping30
;__Lib_PPS_1618_19.c,163 :: 		
L___Lib_PPS_1618_19__PPS_Mapping55:
0x0187	0x0025      	MOVLB      5
0x0188	0x0845      	MOVF       __Lib_PPS_1618_19__PPS_Mapping_rpVal_L0, 0
0x0189	0x003C      	MOVLB      28
0x018A	0x00A6      	MOVWF      SMT1SIGPPS
0x018B	0x2A27      	GOTO       L___Lib_PPS_1618_19__PPS_Mapping30
;__Lib_PPS_1618_19.c,164 :: 		
L___Lib_PPS_1618_19__PPS_Mapping56:
0x018C	0x0025      	MOVLB      5
0x018D	0x0845      	MOVF       __Lib_PPS_1618_19__PPS_Mapping_rpVal_L0, 0
0x018E	0x003C      	MOVLB      28
0x018F	0x00AD      	MOVWF      SMT2WINPPS
0x0190	0x2A27      	GOTO       L___Lib_PPS_1618_19__PPS_Mapping30
;__Lib_PPS_1618_19.c,165 :: 		
L___Lib_PPS_1618_19__PPS_Mapping57:
0x0191	0x0025      	MOVLB      5
0x0192	0x0845      	MOVF       __Lib_PPS_1618_19__PPS_Mapping_rpVal_L0, 0
0x0193	0x003C      	MOVLB      28
0x0194	0x00AC      	MOVWF      SMT2SIGPPS
0x0195	0x2A27      	GOTO       L___Lib_PPS_1618_19__PPS_Mapping30
;__Lib_PPS_1618_19.c,166 :: 		
L___Lib_PPS_1618_19__PPS_Mapping58:
0x0196	0x0025      	MOVLB      5
0x0197	0x0845      	MOVF       __Lib_PPS_1618_19__PPS_Mapping_rpVal_L0, 0
0x0198	0x003C      	MOVLB      28
0x0199	0x0096      	MOVWF      ATINPPS
0x019A	0x2A27      	GOTO       L___Lib_PPS_1618_19__PPS_Mapping30
;__Lib_PPS_1618_19.c,167 :: 		
L___Lib_PPS_1618_19__PPS_Mapping59:
0x019B	0x0025      	MOVLB      5
0x019C	0x0845      	MOVF       __Lib_PPS_1618_19__PPS_Mapping_rpVal_L0, 0
0x019D	0x003C      	MOVLB      28
0x019E	0x009F      	MOVWF      ATCC1PPS
0x019F	0x2A27      	GOTO       L___Lib_PPS_1618_19__PPS_Mapping30
;__Lib_PPS_1618_19.c,168 :: 		
L___Lib_PPS_1618_19__PPS_Mapping60:
0x01A0	0x0025      	MOVLB      5
0x01A1	0x0845      	MOVF       __Lib_PPS_1618_19__PPS_Mapping_rpVal_L0, 0
0x01A2	0x003C      	MOVLB      28
0x01A3	0x00A3      	MOVWF      ATCC2PPS
0x01A4	0x2A27      	GOTO       L___Lib_PPS_1618_19__PPS_Mapping30
;__Lib_PPS_1618_19.c,169 :: 		
L___Lib_PPS_1618_19__PPS_Mapping61:
0x01A5	0x0025      	MOVLB      5
0x01A6	0x0845      	MOVF       __Lib_PPS_1618_19__PPS_Mapping_rpVal_L0, 0
0x01A7	0x003C      	MOVLB      28
0x01A8	0x00AE      	MOVWF      ATCC3PPS
0x01A9	0x2A27      	GOTO       L___Lib_PPS_1618_19__PPS_Mapping30
;__Lib_PPS_1618_19.c,170 :: 		
L___Lib_PPS_1618_19__PPS_Mapping29:
0x01AA	0x0025      	MOVLB      5
0x01AB	0x0843      	MOVF       FARG___Lib_PPS_1618_19__PPS_Mapping_funct_name, 0
0x01AC	0x3A00      	XORLW      0
0x01AD	0x1903      	BTFSC      STATUS, 2
0x01AE	0x2910      	GOTO       L___Lib_PPS_1618_19__PPS_Mapping31
0x01AF	0x0843      	MOVF       FARG___Lib_PPS_1618_19__PPS_Mapping_funct_name, 0
0x01B0	0x3A01      	XORLW      1
0x01B1	0x1903      	BTFSC      STATUS, 2
0x01B2	0x2914      	GOTO       L___Lib_PPS_1618_19__PPS_Mapping32
0x01B3	0x0843      	MOVF       FARG___Lib_PPS_1618_19__PPS_Mapping_funct_name, 0
0x01B4	0x3A02      	XORLW      2
0x01B5	0x1903      	BTFSC      STATUS, 2
0x01B6	0x2919      	GOTO       L___Lib_PPS_1618_19__PPS_Mapping33
0x01B7	0x0843      	MOVF       FARG___Lib_PPS_1618_19__PPS_Mapping_funct_name, 0
0x01B8	0x3A03      	XORLW      3
0x01B9	0x1903      	BTFSC      STATUS, 2
0x01BA	0x291E      	GOTO       L___Lib_PPS_1618_19__PPS_Mapping34
0x01BB	0x0843      	MOVF       FARG___Lib_PPS_1618_19__PPS_Mapping_funct_name, 0
0x01BC	0x3A04      	XORLW      4
0x01BD	0x1903      	BTFSC      STATUS, 2
0x01BE	0x2923      	GOTO       L___Lib_PPS_1618_19__PPS_Mapping35
0x01BF	0x0843      	MOVF       FARG___Lib_PPS_1618_19__PPS_Mapping_funct_name, 0
0x01C0	0x3A05      	XORLW      5
0x01C1	0x1903      	BTFSC      STATUS, 2
0x01C2	0x2928      	GOTO       L___Lib_PPS_1618_19__PPS_Mapping36
0x01C3	0x0843      	MOVF       FARG___Lib_PPS_1618_19__PPS_Mapping_funct_name, 0
0x01C4	0x3A06      	XORLW      6
0x01C5	0x1903      	BTFSC      STATUS, 2
0x01C6	0x292D      	GOTO       L___Lib_PPS_1618_19__PPS_Mapping37
0x01C7	0x0843      	MOVF       FARG___Lib_PPS_1618_19__PPS_Mapping_funct_name, 0
0x01C8	0x3A07      	XORLW      7
0x01C9	0x1903      	BTFSC      STATUS, 2
0x01CA	0x2932      	GOTO       L___Lib_PPS_1618_19__PPS_Mapping38
0x01CB	0x0843      	MOVF       FARG___Lib_PPS_1618_19__PPS_Mapping_funct_name, 0
0x01CC	0x3A08      	XORLW      8
0x01CD	0x1903      	BTFSC      STATUS, 2
0x01CE	0x2937      	GOTO       L___Lib_PPS_1618_19__PPS_Mapping39
0x01CF	0x0843      	MOVF       FARG___Lib_PPS_1618_19__PPS_Mapping_funct_name, 0
0x01D0	0x3A09      	XORLW      9
0x01D1	0x1903      	BTFSC      STATUS, 2
0x01D2	0x293C      	GOTO       L___Lib_PPS_1618_19__PPS_Mapping40
0x01D3	0x0843      	MOVF       FARG___Lib_PPS_1618_19__PPS_Mapping_funct_name, 0
0x01D4	0x3A0A      	XORLW      10
0x01D5	0x1903      	BTFSC      STATUS, 2
0x01D6	0x2941      	GOTO       L___Lib_PPS_1618_19__PPS_Mapping41
0x01D7	0x0843      	MOVF       FARG___Lib_PPS_1618_19__PPS_Mapping_funct_name, 0
0x01D8	0x3A0B      	XORLW      11
0x01D9	0x1903      	BTFSC      STATUS, 2
0x01DA	0x2946      	GOTO       L___Lib_PPS_1618_19__PPS_Mapping42
0x01DB	0x0843      	MOVF       FARG___Lib_PPS_1618_19__PPS_Mapping_funct_name, 0
0x01DC	0x3A0C      	XORLW      12
0x01DD	0x1903      	BTFSC      STATUS, 2
0x01DE	0x294B      	GOTO       L___Lib_PPS_1618_19__PPS_Mapping43
0x01DF	0x0843      	MOVF       FARG___Lib_PPS_1618_19__PPS_Mapping_funct_name, 0
0x01E0	0x3A0D      	XORLW      13
0x01E1	0x1903      	BTFSC      STATUS, 2
0x01E2	0x2950      	GOTO       L___Lib_PPS_1618_19__PPS_Mapping44
0x01E3	0x0843      	MOVF       FARG___Lib_PPS_1618_19__PPS_Mapping_funct_name, 0
0x01E4	0x3A0E      	XORLW      14
0x01E5	0x1903      	BTFSC      STATUS, 2
0x01E6	0x2955      	GOTO       L___Lib_PPS_1618_19__PPS_Mapping45
0x01E7	0x0843      	MOVF       FARG___Lib_PPS_1618_19__PPS_Mapping_funct_name, 0
0x01E8	0x3A0F      	XORLW      15
0x01E9	0x1903      	BTFSC      STATUS, 2
0x01EA	0x295A      	GOTO       L___Lib_PPS_1618_19__PPS_Mapping46
0x01EB	0x0843      	MOVF       FARG___Lib_PPS_1618_19__PPS_Mapping_funct_name, 0
0x01EC	0x3A10      	XORLW      16
0x01ED	0x1903      	BTFSC      STATUS, 2
0x01EE	0x295F      	GOTO       L___Lib_PPS_1618_19__PPS_Mapping47
0x01EF	0x0843      	MOVF       FARG___Lib_PPS_1618_19__PPS_Mapping_funct_name, 0
0x01F0	0x3A11      	XORLW      17
0x01F1	0x1903      	BTFSC      STATUS, 2
0x01F2	0x2964      	GOTO       L___Lib_PPS_1618_19__PPS_Mapping48
0x01F3	0x0843      	MOVF       FARG___Lib_PPS_1618_19__PPS_Mapping_funct_name, 0
0x01F4	0x3A12      	XORLW      18
0x01F5	0x1903      	BTFSC      STATUS, 2
0x01F6	0x2969      	GOTO       L___Lib_PPS_1618_19__PPS_Mapping49
0x01F7	0x0843      	MOVF       FARG___Lib_PPS_1618_19__PPS_Mapping_funct_name, 0
0x01F8	0x3A13      	XORLW      19
0x01F9	0x1903      	BTFSC      STATUS, 2
0x01FA	0x296E      	GOTO       L___Lib_PPS_1618_19__PPS_Mapping50
0x01FB	0x0843      	MOVF       FARG___Lib_PPS_1618_19__PPS_Mapping_funct_name, 0
0x01FC	0x3A14      	XORLW      20
0x01FD	0x1903      	BTFSC      STATUS, 2
0x01FE	0x2973      	GOTO       L___Lib_PPS_1618_19__PPS_Mapping51
0x01FF	0x0843      	MOVF       FARG___Lib_PPS_1618_19__PPS_Mapping_funct_name, 0
0x0200	0x3A15      	XORLW      21
0x0201	0x1903      	BTFSC      STATUS, 2
0x0202	0x2978      	GOTO       L___Lib_PPS_1618_19__PPS_Mapping52
0x0203	0x0843      	MOVF       FARG___Lib_PPS_1618_19__PPS_Mapping_funct_name, 0
0x0204	0x3A16      	XORLW      22
0x0205	0x1903      	BTFSC      STATUS, 2
0x0206	0x297D      	GOTO       L___Lib_PPS_1618_19__PPS_Mapping53
0x0207	0x0843      	MOVF       FARG___Lib_PPS_1618_19__PPS_Mapping_funct_name, 0
0x0208	0x3A17      	XORLW      23
0x0209	0x1903      	BTFSC      STATUS, 2
0x020A	0x2982      	GOTO       L___Lib_PPS_1618_19__PPS_Mapping54
0x020B	0x0843      	MOVF       FARG___Lib_PPS_1618_19__PPS_Mapping_funct_name, 0
0x020C	0x3A18      	XORLW      24
0x020D	0x1903      	BTFSC      STATUS, 2
0x020E	0x2987      	GOTO       L___Lib_PPS_1618_19__PPS_Mapping55
0x020F	0x0843      	MOVF       FARG___Lib_PPS_1618_19__PPS_Mapping_funct_name, 0
0x0210	0x3A19      	XORLW      25
0x0211	0x1903      	BTFSC      STATUS, 2
0x0212	0x298C      	GOTO       L___Lib_PPS_1618_19__PPS_Mapping56
0x0213	0x0843      	MOVF       FARG___Lib_PPS_1618_19__PPS_Mapping_funct_name, 0
0x0214	0x3A1A      	XORLW      26
0x0215	0x1903      	BTFSC      STATUS, 2
0x0216	0x2991      	GOTO       L___Lib_PPS_1618_19__PPS_Mapping57
0x0217	0x0843      	MOVF       FARG___Lib_PPS_1618_19__PPS_Mapping_funct_name, 0
0x0218	0x3A1B      	XORLW      27
0x0219	0x1903      	BTFSC      STATUS, 2
0x021A	0x2996      	GOTO       L___Lib_PPS_1618_19__PPS_Mapping58
0x021B	0x0843      	MOVF       FARG___Lib_PPS_1618_19__PPS_Mapping_funct_name, 0
0x021C	0x3A1C      	XORLW      28
0x021D	0x1903      	BTFSC      STATUS, 2
0x021E	0x299B      	GOTO       L___Lib_PPS_1618_19__PPS_Mapping59
0x021F	0x0843      	MOVF       FARG___Lib_PPS_1618_19__PPS_Mapping_funct_name, 0
0x0220	0x3A1D      	XORLW      29
0x0221	0x1903      	BTFSC      STATUS, 2
0x0222	0x29A0      	GOTO       L___Lib_PPS_1618_19__PPS_Mapping60
0x0223	0x0843      	MOVF       FARG___Lib_PPS_1618_19__PPS_Mapping_funct_name, 0
0x0224	0x3A1E      	XORLW      30
0x0225	0x1903      	BTFSC      STATUS, 2
0x0226	0x29A5      	GOTO       L___Lib_PPS_1618_19__PPS_Mapping61
L___Lib_PPS_1618_19__PPS_Mapping30:
0x0227	0x0025      	MOVLB      5
;__Lib_PPS_1618_19.c,171 :: 		
0x0228	0x0844      	MOVF       FARG___Lib_PPS_1618_19__PPS_Mapping_lock, 0
0x0229	0x1903      	BTFSC      STATUS, 2
0x022A	0x2A2C      	GOTO       L___Lib_PPS_1618_19__PPS_Mapping62
;__Lib_PPS_1618_19.c,172 :: 		
0x022B	0x2021      	CALL       _Lock_IOLOCK
L___Lib_PPS_1618_19__PPS_Mapping62:
;__Lib_PPS_1618_19.c,173 :: 		
L___Lib_PPS_1618_19__PPS_Mapping27:
;__Lib_PPS_1618_19.c,175 :: 		
0x022C	0x2AC6      	GOTO       L___Lib_PPS_1618_19__PPS_Mapping63
;__Lib_PPS_1618_19.c,177 :: 		
L___Lib_PPS_1618_19__PPS_Mapping65:
0x022D	0x0025      	MOVLB      5
0x022E	0x1842      	BTFSC      FARG___Lib_PPS_1618_19__PPS_Mapping_input_output, 0
0x022F	0x2A33      	GOTO       L___Lib_PPS_1618_19__PPS_Mapping87
0x0230	0x0021      	MOVLB      1
0x0231	0x100C      	BCF        TRISA0_bit, BitPos(TRISA0_bit+0)
0x0232	0x2A35      	GOTO       L___Lib_PPS_1618_19__PPS_Mapping88
L___Lib_PPS_1618_19__PPS_Mapping87:
0x0233	0x0021      	MOVLB      1
0x0234	0x140C      	BSF        TRISA0_bit, BitPos(TRISA0_bit+0)
L___Lib_PPS_1618_19__PPS_Mapping88:
0x0235	0x2B0B      	GOTO       L___Lib_PPS_1618_19__PPS_Mapping64
;__Lib_PPS_1618_19.c,178 :: 		
L___Lib_PPS_1618_19__PPS_Mapping66:
0x0236	0x0025      	MOVLB      5
0x0237	0x1842      	BTFSC      FARG___Lib_PPS_1618_19__PPS_Mapping_input_output, 0
0x0238	0x2A3C      	GOTO       L___Lib_PPS_1618_19__PPS_Mapping89
0x0239	0x0021      	MOVLB      1
0x023A	0x108C      	BCF        TRISA1_bit, BitPos(TRISA1_bit+0)
0x023B	0x2A3E      	GOTO       L___Lib_PPS_1618_19__PPS_Mapping90
L___Lib_PPS_1618_19__PPS_Mapping89:
0x023C	0x0021      	MOVLB      1
0x023D	0x148C      	BSF        TRISA1_bit, BitPos(TRISA1_bit+0)
L___Lib_PPS_1618_19__PPS_Mapping90:
0x023E	0x2B0B      	GOTO       L___Lib_PPS_1618_19__PPS_Mapping64
;__Lib_PPS_1618_19.c,179 :: 		
L___Lib_PPS_1618_19__PPS_Mapping67:
0x023F	0x0025      	MOVLB      5
0x0240	0x1842      	BTFSC      FARG___Lib_PPS_1618_19__PPS_Mapping_input_output, 0
0x0241	0x2A45      	GOTO       L___Lib_PPS_1618_19__PPS_Mapping91
0x0242	0x0021      	MOVLB      1
0x0243	0x110C      	BCF        TRISA2_bit, BitPos(TRISA2_bit+0)
0x0244	0x2A47      	GOTO       L___Lib_PPS_1618_19__PPS_Mapping92
L___Lib_PPS_1618_19__PPS_Mapping91:
0x0245	0x0021      	MOVLB      1
0x0246	0x150C      	BSF        TRISA2_bit, BitPos(TRISA2_bit+0)
L___Lib_PPS_1618_19__PPS_Mapping92:
0x0247	0x2B0B      	GOTO       L___Lib_PPS_1618_19__PPS_Mapping64
;__Lib_PPS_1618_19.c,181 :: 		
L___Lib_PPS_1618_19__PPS_Mapping68:
0x0248	0x0025      	MOVLB      5
0x0249	0x1842      	BTFSC      FARG___Lib_PPS_1618_19__PPS_Mapping_input_output, 0
0x024A	0x2A4E      	GOTO       L___Lib_PPS_1618_19__PPS_Mapping93
0x024B	0x0021      	MOVLB      1
0x024C	0x120C      	BCF        TRISA4_bit, BitPos(TRISA4_bit+0)
0x024D	0x2A50      	GOTO       L___Lib_PPS_1618_19__PPS_Mapping94
L___Lib_PPS_1618_19__PPS_Mapping93:
0x024E	0x0021      	MOVLB      1
0x024F	0x160C      	BSF        TRISA4_bit, BitPos(TRISA4_bit+0)
L___Lib_PPS_1618_19__PPS_Mapping94:
0x0250	0x2B0B      	GOTO       L___Lib_PPS_1618_19__PPS_Mapping64
;__Lib_PPS_1618_19.c,182 :: 		
L___Lib_PPS_1618_19__PPS_Mapping69:
0x0251	0x0025      	MOVLB      5
0x0252	0x1842      	BTFSC      FARG___Lib_PPS_1618_19__PPS_Mapping_input_output, 0
0x0253	0x2A57      	GOTO       L___Lib_PPS_1618_19__PPS_Mapping95
0x0254	0x0021      	MOVLB      1
0x0255	0x128C      	BCF        TRISA5_bit, BitPos(TRISA5_bit+0)
0x0256	0x2A59      	GOTO       L___Lib_PPS_1618_19__PPS_Mapping96
L___Lib_PPS_1618_19__PPS_Mapping95:
0x0257	0x0021      	MOVLB      1
0x0258	0x168C      	BSF        TRISA5_bit, BitPos(TRISA5_bit+0)
L___Lib_PPS_1618_19__PPS_Mapping96:
0x0259	0x2B0B      	GOTO       L___Lib_PPS_1618_19__PPS_Mapping64
;__Lib_PPS_1618_19.c,189 :: 		
L___Lib_PPS_1618_19__PPS_Mapping70:
0x025A	0x0025      	MOVLB      5
0x025B	0x1842      	BTFSC      FARG___Lib_PPS_1618_19__PPS_Mapping_input_output, 0
0x025C	0x2A60      	GOTO       L___Lib_PPS_1618_19__PPS_Mapping97
0x025D	0x0021      	MOVLB      1
0x025E	0x120D      	BCF        TRISB4_bit, BitPos(TRISB4_bit+0)
0x025F	0x2A62      	GOTO       L___Lib_PPS_1618_19__PPS_Mapping98
L___Lib_PPS_1618_19__PPS_Mapping97:
0x0260	0x0021      	MOVLB      1
0x0261	0x160D      	BSF        TRISB4_bit, BitPos(TRISB4_bit+0)
L___Lib_PPS_1618_19__PPS_Mapping98:
0x0262	0x2B0B      	GOTO       L___Lib_PPS_1618_19__PPS_Mapping64
;__Lib_PPS_1618_19.c,190 :: 		
L___Lib_PPS_1618_19__PPS_Mapping71:
0x0263	0x0025      	MOVLB      5
0x0264	0x1842      	BTFSC      FARG___Lib_PPS_1618_19__PPS_Mapping_input_output, 0
0x0265	0x2A69      	GOTO       L___Lib_PPS_1618_19__PPS_Mapping99
0x0266	0x0021      	MOVLB      1
0x0267	0x128D      	BCF        TRISB5_bit, BitPos(TRISB5_bit+0)
0x0268	0x2A6B      	GOTO       L___Lib_PPS_1618_19__PPS_Mapping100
L___Lib_PPS_1618_19__PPS_Mapping99:
0x0269	0x0021      	MOVLB      1
0x026A	0x168D      	BSF        TRISB5_bit, BitPos(TRISB5_bit+0)
L___Lib_PPS_1618_19__PPS_Mapping100:
0x026B	0x2B0B      	GOTO       L___Lib_PPS_1618_19__PPS_Mapping64
;__Lib_PPS_1618_19.c,191 :: 		
L___Lib_PPS_1618_19__PPS_Mapping72:
0x026C	0x0025      	MOVLB      5
0x026D	0x1842      	BTFSC      FARG___Lib_PPS_1618_19__PPS_Mapping_input_output, 0
0x026E	0x2A72      	GOTO       L___Lib_PPS_1618_19__PPS_Mapping101
0x026F	0x0021      	MOVLB      1
0x0270	0x130D      	BCF        TRISB6_bit, BitPos(TRISB6_bit+0)
0x0271	0x2A74      	GOTO       L___Lib_PPS_1618_19__PPS_Mapping102
L___Lib_PPS_1618_19__PPS_Mapping101:
0x0272	0x0021      	MOVLB      1
0x0273	0x170D      	BSF        TRISB6_bit, BitPos(TRISB6_bit+0)
L___Lib_PPS_1618_19__PPS_Mapping102:
0x0274	0x2B0B      	GOTO       L___Lib_PPS_1618_19__PPS_Mapping64
;__Lib_PPS_1618_19.c,192 :: 		
L___Lib_PPS_1618_19__PPS_Mapping73:
0x0275	0x0025      	MOVLB      5
0x0276	0x1842      	BTFSC      FARG___Lib_PPS_1618_19__PPS_Mapping_input_output, 0
0x0277	0x2A7B      	GOTO       L___Lib_PPS_1618_19__PPS_Mapping103
0x0278	0x0021      	MOVLB      1
0x0279	0x138D      	BCF        TRISB7_bit, BitPos(TRISB7_bit+0)
0x027A	0x2A7D      	GOTO       L___Lib_PPS_1618_19__PPS_Mapping104
L___Lib_PPS_1618_19__PPS_Mapping103:
0x027B	0x0021      	MOVLB      1
0x027C	0x178D      	BSF        TRISB7_bit, BitPos(TRISB7_bit+0)
L___Lib_PPS_1618_19__PPS_Mapping104:
0x027D	0x2B0B      	GOTO       L___Lib_PPS_1618_19__PPS_Mapping64
;__Lib_PPS_1618_19.c,193 :: 		
L___Lib_PPS_1618_19__PPS_Mapping74:
0x027E	0x0025      	MOVLB      5
0x027F	0x1842      	BTFSC      FARG___Lib_PPS_1618_19__PPS_Mapping_input_output, 0
0x0280	0x2A84      	GOTO       L___Lib_PPS_1618_19__PPS_Mapping105
0x0281	0x0021      	MOVLB      1
0x0282	0x100E      	BCF        TRISC0_bit, BitPos(TRISC0_bit+0)
0x0283	0x2A86      	GOTO       L___Lib_PPS_1618_19__PPS_Mapping106
L___Lib_PPS_1618_19__PPS_Mapping105:
0x0284	0x0021      	MOVLB      1
0x0285	0x140E      	BSF        TRISC0_bit, BitPos(TRISC0_bit+0)
L___Lib_PPS_1618_19__PPS_Mapping106:
0x0286	0x2B0B      	GOTO       L___Lib_PPS_1618_19__PPS_Mapping64
;__Lib_PPS_1618_19.c,194 :: 		
L___Lib_PPS_1618_19__PPS_Mapping75:
0x0287	0x0025      	MOVLB      5
0x0288	0x1842      	BTFSC      FARG___Lib_PPS_1618_19__PPS_Mapping_input_output, 0
0x0289	0x2A8D      	GOTO       L___Lib_PPS_1618_19__PPS_Mapping107
0x028A	0x0021      	MOVLB      1
0x028B	0x108E      	BCF        TRISC1_bit, BitPos(TRISC1_bit+0)
0x028C	0x2A8F      	GOTO       L___Lib_PPS_1618_19__PPS_Mapping108
L___Lib_PPS_1618_19__PPS_Mapping107:
0x028D	0x0021      	MOVLB      1
0x028E	0x148E      	BSF        TRISC1_bit, BitPos(TRISC1_bit+0)
L___Lib_PPS_1618_19__PPS_Mapping108:
0x028F	0x2B0B      	GOTO       L___Lib_PPS_1618_19__PPS_Mapping64
;__Lib_PPS_1618_19.c,195 :: 		
L___Lib_PPS_1618_19__PPS_Mapping76:
0x0290	0x0025      	MOVLB      5
0x0291	0x1842      	BTFSC      FARG___Lib_PPS_1618_19__PPS_Mapping_input_output, 0
0x0292	0x2A96      	GOTO       L___Lib_PPS_1618_19__PPS_Mapping109
0x0293	0x0021      	MOVLB      1
0x0294	0x110E      	BCF        TRISC2_bit, BitPos(TRISC2_bit+0)
0x0295	0x2A98      	GOTO       L___Lib_PPS_1618_19__PPS_Mapping110
L___Lib_PPS_1618_19__PPS_Mapping109:
0x0296	0x0021      	MOVLB      1
0x0297	0x150E      	BSF        TRISC2_bit, BitPos(TRISC2_bit+0)
L___Lib_PPS_1618_19__PPS_Mapping110:
0x0298	0x2B0B      	GOTO       L___Lib_PPS_1618_19__PPS_Mapping64
;__Lib_PPS_1618_19.c,196 :: 		
L___Lib_PPS_1618_19__PPS_Mapping77:
0x0299	0x0025      	MOVLB      5
0x029A	0x1842      	BTFSC      FARG___Lib_PPS_1618_19__PPS_Mapping_input_output, 0
0x029B	0x2A9F      	GOTO       L___Lib_PPS_1618_19__PPS_Mapping111
0x029C	0x0021      	MOVLB      1
0x029D	0x118E      	BCF        TRISC3_bit, BitPos(TRISC3_bit+0)
0x029E	0x2AA1      	GOTO       L___Lib_PPS_1618_19__PPS_Mapping112
L___Lib_PPS_1618_19__PPS_Mapping111:
0x029F	0x0021      	MOVLB      1
0x02A0	0x158E      	BSF        TRISC3_bit, BitPos(TRISC3_bit+0)
L___Lib_PPS_1618_19__PPS_Mapping112:
0x02A1	0x2B0B      	GOTO       L___Lib_PPS_1618_19__PPS_Mapping64
;__Lib_PPS_1618_19.c,197 :: 		
L___Lib_PPS_1618_19__PPS_Mapping78:
0x02A2	0x0025      	MOVLB      5
0x02A3	0x1842      	BTFSC      FARG___Lib_PPS_1618_19__PPS_Mapping_input_output, 0
0x02A4	0x2AA8      	GOTO       L___Lib_PPS_1618_19__PPS_Mapping113
0x02A5	0x0021      	MOVLB      1
0x02A6	0x120E      	BCF        TRISC4_bit, BitPos(TRISC4_bit+0)
0x02A7	0x2AAA      	GOTO       L___Lib_PPS_1618_19__PPS_Mapping114
L___Lib_PPS_1618_19__PPS_Mapping113:
0x02A8	0x0021      	MOVLB      1
0x02A9	0x160E      	BSF        TRISC4_bit, BitPos(TRISC4_bit+0)
L___Lib_PPS_1618_19__PPS_Mapping114:
0x02AA	0x2B0B      	GOTO       L___Lib_PPS_1618_19__PPS_Mapping64
;__Lib_PPS_1618_19.c,198 :: 		
L___Lib_PPS_1618_19__PPS_Mapping79:
0x02AB	0x0025      	MOVLB      5
0x02AC	0x1842      	BTFSC      FARG___Lib_PPS_1618_19__PPS_Mapping_input_output, 0
0x02AD	0x2AB1      	GOTO       L___Lib_PPS_1618_19__PPS_Mapping115
0x02AE	0x0021      	MOVLB      1
0x02AF	0x128E      	BCF        TRISC5_bit, BitPos(TRISC5_bit+0)
0x02B0	0x2AB3      	GOTO       L___Lib_PPS_1618_19__PPS_Mapping116
L___Lib_PPS_1618_19__PPS_Mapping115:
0x02B1	0x0021      	MOVLB      1
0x02B2	0x168E      	BSF        TRISC5_bit, BitPos(TRISC5_bit+0)
L___Lib_PPS_1618_19__PPS_Mapping116:
0x02B3	0x2B0B      	GOTO       L___Lib_PPS_1618_19__PPS_Mapping64
;__Lib_PPS_1618_19.c,199 :: 		
L___Lib_PPS_1618_19__PPS_Mapping80:
0x02B4	0x0025      	MOVLB      5
0x02B5	0x1842      	BTFSC      FARG___Lib_PPS_1618_19__PPS_Mapping_input_output, 0
0x02B6	0x2ABA      	GOTO       L___Lib_PPS_1618_19__PPS_Mapping117
0x02B7	0x0021      	MOVLB      1
0x02B8	0x130E      	BCF        TRISC6_bit, BitPos(TRISC6_bit+0)
0x02B9	0x2ABC      	GOTO       L___Lib_PPS_1618_19__PPS_Mapping118
L___Lib_PPS_1618_19__PPS_Mapping117:
0x02BA	0x0021      	MOVLB      1
0x02BB	0x170E      	BSF        TRISC6_bit, BitPos(TRISC6_bit+0)
L___Lib_PPS_1618_19__PPS_Mapping118:
0x02BC	0x2B0B      	GOTO       L___Lib_PPS_1618_19__PPS_Mapping64
;__Lib_PPS_1618_19.c,200 :: 		
L___Lib_PPS_1618_19__PPS_Mapping81:
0x02BD	0x0025      	MOVLB      5
0x02BE	0x1842      	BTFSC      FARG___Lib_PPS_1618_19__PPS_Mapping_input_output, 0
0x02BF	0x2AC3      	GOTO       L___Lib_PPS_1618_19__PPS_Mapping119
0x02C0	0x0021      	MOVLB      1
0x02C1	0x138E      	BCF        TRISC7_bit, BitPos(TRISC7_bit+0)
0x02C2	0x2AC5      	GOTO       L___Lib_PPS_1618_19__PPS_Mapping120
L___Lib_PPS_1618_19__PPS_Mapping119:
0x02C3	0x0021      	MOVLB      1
0x02C4	0x178E      	BSF        TRISC7_bit, BitPos(TRISC7_bit+0)
L___Lib_PPS_1618_19__PPS_Mapping120:
0x02C5	0x2B0B      	GOTO       L___Lib_PPS_1618_19__PPS_Mapping64
;__Lib_PPS_1618_19.c,201 :: 		
L___Lib_PPS_1618_19__PPS_Mapping63:
0x02C6	0x0025      	MOVLB      5
0x02C7	0x0841      	MOVF       FARG___Lib_PPS_1618_19__PPS_Mapping_rp_num, 0
0x02C8	0x3A00      	XORLW      0
0x02C9	0x1903      	BTFSC      STATUS, 2
0x02CA	0x2A2D      	GOTO       L___Lib_PPS_1618_19__PPS_Mapping65
0x02CB	0x0841      	MOVF       FARG___Lib_PPS_1618_19__PPS_Mapping_rp_num, 0
0x02CC	0x3A01      	XORLW      1
0x02CD	0x1903      	BTFSC      STATUS, 2
0x02CE	0x2A36      	GOTO       L___Lib_PPS_1618_19__PPS_Mapping66
0x02CF	0x0841      	MOVF       FARG___Lib_PPS_1618_19__PPS_Mapping_rp_num, 0
0x02D0	0x3A02      	XORLW      2
0x02D1	0x1903      	BTFSC      STATUS, 2
0x02D2	0x2A3F      	GOTO       L___Lib_PPS_1618_19__PPS_Mapping67
0x02D3	0x0841      	MOVF       FARG___Lib_PPS_1618_19__PPS_Mapping_rp_num, 0
0x02D4	0x3A04      	XORLW      4
0x02D5	0x1903      	BTFSC      STATUS, 2
0x02D6	0x2A48      	GOTO       L___Lib_PPS_1618_19__PPS_Mapping68
0x02D7	0x0841      	MOVF       FARG___Lib_PPS_1618_19__PPS_Mapping_rp_num, 0
0x02D8	0x3A05      	XORLW      5
0x02D9	0x1903      	BTFSC      STATUS, 2
0x02DA	0x2A51      	GOTO       L___Lib_PPS_1618_19__PPS_Mapping69
0x02DB	0x0841      	MOVF       FARG___Lib_PPS_1618_19__PPS_Mapping_rp_num, 0
0x02DC	0x3A0C      	XORLW      12
0x02DD	0x1903      	BTFSC      STATUS, 2
0x02DE	0x2A5A      	GOTO       L___Lib_PPS_1618_19__PPS_Mapping70
0x02DF	0x0841      	MOVF       FARG___Lib_PPS_1618_19__PPS_Mapping_rp_num, 0
0x02E0	0x3A0D      	XORLW      13
0x02E1	0x1903      	BTFSC      STATUS, 2
0x02E2	0x2A63      	GOTO       L___Lib_PPS_1618_19__PPS_Mapping71
0x02E3	0x0841      	MOVF       FARG___Lib_PPS_1618_19__PPS_Mapping_rp_num, 0
0x02E4	0x3A0E      	XORLW      14
0x02E5	0x1903      	BTFSC      STATUS, 2
0x02E6	0x2A6C      	GOTO       L___Lib_PPS_1618_19__PPS_Mapping72
0x02E7	0x0841      	MOVF       FARG___Lib_PPS_1618_19__PPS_Mapping_rp_num, 0
0x02E8	0x3A0F      	XORLW      15
0x02E9	0x1903      	BTFSC      STATUS, 2
0x02EA	0x2A75      	GOTO       L___Lib_PPS_1618_19__PPS_Mapping73
0x02EB	0x0841      	MOVF       FARG___Lib_PPS_1618_19__PPS_Mapping_rp_num, 0
0x02EC	0x3A10      	XORLW      16
0x02ED	0x1903      	BTFSC      STATUS, 2
0x02EE	0x2A7E      	GOTO       L___Lib_PPS_1618_19__PPS_Mapping74
0x02EF	0x0841      	MOVF       FARG___Lib_PPS_1618_19__PPS_Mapping_rp_num, 0
0x02F0	0x3A11      	XORLW      17
0x02F1	0x1903      	BTFSC      STATUS, 2
0x02F2	0x2A87      	GOTO       L___Lib_PPS_1618_19__PPS_Mapping75
0x02F3	0x0841      	MOVF       FARG___Lib_PPS_1618_19__PPS_Mapping_rp_num, 0
0x02F4	0x3A12      	XORLW      18
0x02F5	0x1903      	BTFSC      STATUS, 2
0x02F6	0x2A90      	GOTO       L___Lib_PPS_1618_19__PPS_Mapping76
0x02F7	0x0841      	MOVF       FARG___Lib_PPS_1618_19__PPS_Mapping_rp_num, 0
0x02F8	0x3A13      	XORLW      19
0x02F9	0x1903      	BTFSC      STATUS, 2
0x02FA	0x2A99      	GOTO       L___Lib_PPS_1618_19__PPS_Mapping77
0x02FB	0x0841      	MOVF       FARG___Lib_PPS_1618_19__PPS_Mapping_rp_num, 0
0x02FC	0x3A14      	XORLW      20
0x02FD	0x1903      	BTFSC      STATUS, 2
0x02FE	0x2AA2      	GOTO       L___Lib_PPS_1618_19__PPS_Mapping78
0x02FF	0x0841      	MOVF       FARG___Lib_PPS_1618_19__PPS_Mapping_rp_num, 0
0x0300	0x3A15      	XORLW      21
0x0301	0x1903      	BTFSC      STATUS, 2
0x0302	0x2AAB      	GOTO       L___Lib_PPS_1618_19__PPS_Mapping79
0x0303	0x0841      	MOVF       FARG___Lib_PPS_1618_19__PPS_Mapping_rp_num, 0
0x0304	0x3A16      	XORLW      22
0x0305	0x1903      	BTFSC      STATUS, 2
0x0306	0x2AB4      	GOTO       L___Lib_PPS_1618_19__PPS_Mapping80
0x0307	0x0841      	MOVF       FARG___Lib_PPS_1618_19__PPS_Mapping_rp_num, 0
0x0308	0x3A17      	XORLW      23
0x0309	0x1903      	BTFSC      STATUS, 2
0x030A	0x2ABD      	GOTO       L___Lib_PPS_1618_19__PPS_Mapping81
L___Lib_PPS_1618_19__PPS_Mapping64:
;__Lib_PPS_1618_19.c,202 :: 		
0x030B	0x30FF      	MOVLW      255
0x030C	0x00F0      	MOVWF      R0
;__Lib_PPS_1618_19.c,203 :: 		
L_end__PPS_Mapping:
0x030D	0x0008      	RETURN
; end of __Lib_PPS_1618_19__PPS_Mapping
_UART1_Remappable_Read:
;__Lib_UART_Remappable.c,73 :: 		
;__Lib_UART_Remappable.c,76 :: 		
0x030E	0x0023      	MOVLB      3
0x030F	0x0819      	MOVF       RC1REG, 0
0x0310	0x00F1      	MOVWF      R1
;__Lib_UART_Remappable.c,77 :: 		
0x0311	0x1C9D      	BTFSS      RC1STA, 1
0x0312	0x2B15      	GOTO       L_UART1_Remappable_Read3
;__Lib_UART_Remappable.c,78 :: 		
0x0313	0x121D      	BCF        RC1STA, 4
;__Lib_UART_Remappable.c,79 :: 		
0x0314	0x161D      	BSF        RC1STA, 4
;__Lib_UART_Remappable.c,80 :: 		
L_UART1_Remappable_Read3:
;__Lib_UART_Remappable.c,81 :: 		
0x0315	0x0871      	MOVF       R1, 0
0x0316	0x00F0      	MOVWF      R0
;__Lib_UART_Remappable.c,82 :: 		
L_end_UART1_Remappable_Read:
0x0317	0x0008      	RETURN
; end of _UART1_Remappable_Read
_____DoIFC:
;__Lib_System.c,3 :: 		
;__Lib_System.c,4 :: 		
0x0318	0x0871      	MOVF       R1, 0
0x0319	0x008A      	MOVWF      PCLATH
;__Lib_System.c,5 :: 		
0x031A	0x0870      	MOVF       R0, 0
0x031B	0x0082      	MOVWF      PCL
;__Lib_System.c,6 :: 		
L_end_____DoIFC:
0x031C	0x0008      	RETURN
; end of _____DoIFC
_PPS_Mapping:
;__Lib_PPS_1618_19.c,205 :: 		
;__Lib_PPS_1618_19.c,206 :: 		
0x031D	0x0025      	MOVLB      5
0x031E	0x083E      	MOVF       FARG_PPS_Mapping_rp_num, 0
0x031F	0x00C1      	MOVWF      FARG___Lib_PPS_1618_19__PPS_Mapping_rp_num
0x0320	0x083F      	MOVF       FARG_PPS_Mapping_input_output, 0
0x0321	0x00C2      	MOVWF      FARG___Lib_PPS_1618_19__PPS_Mapping_input_output
0x0322	0x0840      	MOVF       FARG_PPS_Mapping_funct_name, 0
0x0323	0x00C3      	MOVWF      FARG___Lib_PPS_1618_19__PPS_Mapping_funct_name
0x0324	0x3001      	MOVLW      1
0x0325	0x00C4      	MOVWF      FARG___Lib_PPS_1618_19__PPS_Mapping_lock
0x0326	0x204A      	CALL       __Lib_PPS_1618_19__PPS_Mapping
;__Lib_PPS_1618_19.c,207 :: 		
L_end_PPS_Mapping:
0x0327	0x0008      	RETURN
; end of _PPS_Mapping
_UART1_MapDefaultPins:
;__Lib_UART_Remappable.c,25 :: 		
;__Lib_UART_Remappable.c,26 :: 		
0x0328	0x3014      	MOVLW      20
0x0329	0x0025      	MOVLB      5
0x032A	0x00BE      	MOVWF      FARG_PPS_Mapping_rp_num
0x032B	0x01BF      	CLRF       FARG_PPS_Mapping_input_output
0x032C	0x3014      	MOVLW      20
0x032D	0x00C0      	MOVWF      FARG_PPS_Mapping_funct_name
0x032E	0x231D      	CALL       _PPS_Mapping
;__Lib_UART_Remappable.c,27 :: 		
0x032F	0x3015      	MOVLW      21
0x0330	0x0025      	MOVLB      5
0x0331	0x00BE      	MOVWF      FARG_PPS_Mapping_rp_num
0x0332	0x3001      	MOVLW      1
0x0333	0x00BF      	MOVWF      FARG_PPS_Mapping_input_output
0x0334	0x3017      	MOVLW      23
0x0335	0x00C0      	MOVWF      FARG_PPS_Mapping_funct_name
0x0336	0x231D      	CALL       _PPS_Mapping
;__Lib_UART_Remappable.c,28 :: 		
L_end_UART1_MapDefaultPins:
0x0337	0x0008      	RETURN
; end of _UART1_MapDefaultPins
_UART_Set_Active:
;__Lib_UART_Remappable.c,197 :: 		
;__Lib_UART_Remappable.c,198 :: 		
0x0338	0x0025      	MOVLB      5
0x0339	0x082E      	MOVF       FARG_UART_Set_Active_read_ptr, 0
0x033A	0x0020      	MOVLB      0
0x033B	0x00B5      	MOVWF      _UART_Rd_Ptr
0x033C	0x0025      	MOVLB      5
0x033D	0x082F      	MOVF       FARG_UART_Set_Active_read_ptr+1, 0
0x033E	0x0020      	MOVLB      0
0x033F	0x00B6      	MOVWF      _UART_Rd_Ptr+1
0x0340	0x0025      	MOVLB      5
0x0341	0x0830      	MOVF       FARG_UART_Set_Active_read_ptr+2, 0
0x0342	0x0020      	MOVLB      0
0x0343	0x00B7      	MOVWF      _UART_Rd_Ptr+2
0x0344	0x0025      	MOVLB      5
0x0345	0x0831      	MOVF       FARG_UART_Set_Active_read_ptr+3, 0
0x0346	0x0020      	MOVLB      0
0x0347	0x00B8      	MOVWF      _UART_Rd_Ptr+3
;__Lib_UART_Remappable.c,199 :: 		
0x0348	0x0025      	MOVLB      5
0x0349	0x0832      	MOVF       FARG_UART_Set_Active_write_ptr, 0
0x034A	0x0020      	MOVLB      0
0x034B	0x00B9      	MOVWF      _UART_Wr_Ptr
0x034C	0x0025      	MOVLB      5
0x034D	0x0833      	MOVF       FARG_UART_Set_Active_write_ptr+1, 0
0x034E	0x0020      	MOVLB      0
0x034F	0x00BA      	MOVWF      _UART_Wr_Ptr+1
0x0350	0x0025      	MOVLB      5
0x0351	0x0834      	MOVF       FARG_UART_Set_Active_write_ptr+2, 0
0x0352	0x0020      	MOVLB      0
0x0353	0x00BB      	MOVWF      _UART_Wr_Ptr+2
0x0354	0x0025      	MOVLB      5
0x0355	0x0835      	MOVF       FARG_UART_Set_Active_write_ptr+3, 0
0x0356	0x0020      	MOVLB      0
0x0357	0x00BC      	MOVWF      _UART_Wr_Ptr+3
;__Lib_UART_Remappable.c,200 :: 		
0x0358	0x0025      	MOVLB      5
0x0359	0x0836      	MOVF       FARG_UART_Set_Active_ready_ptr, 0
0x035A	0x0020      	MOVLB      0
0x035B	0x00B1      	MOVWF      _UART_Rdy_Ptr
0x035C	0x0025      	MOVLB      5
0x035D	0x0837      	MOVF       FARG_UART_Set_Active_ready_ptr+1, 0
0x035E	0x0020      	MOVLB      0
0x035F	0x00B2      	MOVWF      _UART_Rdy_Ptr+1
0x0360	0x0025      	MOVLB      5
0x0361	0x0838      	MOVF       FARG_UART_Set_Active_ready_ptr+2, 0
0x0362	0x0020      	MOVLB      0
0x0363	0x00B3      	MOVWF      _UART_Rdy_Ptr+2
0x0364	0x0025      	MOVLB      5
0x0365	0x0839      	MOVF       FARG_UART_Set_Active_ready_ptr+3, 0
0x0366	0x0020      	MOVLB      0
0x0367	0x00B4      	MOVWF      _UART_Rdy_Ptr+3
;__Lib_UART_Remappable.c,201 :: 		
0x0368	0x0025      	MOVLB      5
0x0369	0x083A      	MOVF       FARG_UART_Set_Active_tx_idle_ptr, 0
0x036A	0x0020      	MOVLB      0
0x036B	0x00AD      	MOVWF      _UART_Tx_Idle_Ptr
0x036C	0x0025      	MOVLB      5
0x036D	0x083B      	MOVF       FARG_UART_Set_Active_tx_idle_ptr+1, 0
0x036E	0x0020      	MOVLB      0
0x036F	0x00AE      	MOVWF      _UART_Tx_Idle_Ptr+1
0x0370	0x0025      	MOVLB      5
0x0371	0x083C      	MOVF       FARG_UART_Set_Active_tx_idle_ptr+2, 0
0x0372	0x0020      	MOVLB      0
0x0373	0x00AF      	MOVWF      _UART_Tx_Idle_Ptr+2
0x0374	0x0025      	MOVLB      5
0x0375	0x083D      	MOVF       FARG_UART_Set_Active_tx_idle_ptr+3, 0
0x0376	0x0020      	MOVLB      0
0x0377	0x00B0      	MOVWF      _UART_Tx_Idle_Ptr+3
;__Lib_UART_Remappable.c,202 :: 		
L_end_UART_Set_Active:
0x0378	0x0008      	RETURN
; end of _UART_Set_Active
__Lib_UART_Remappable_UART1_Init_Static:
;__Lib_UART_Remappable.c,30 :: 		
;__Lib_UART_Remappable.c,33 :: 		
0x0379	0x0023      	MOVLB      3
0x037A	0x169E      	BSF        TX1STA, 5
;__Lib_UART_Remappable.c,34 :: 		
0x037B	0x3090      	MOVLW      144
0x037C	0x009D      	MOVWF      RC1STA
;__Lib_UART_Remappable.c,36 :: 		
L___Lib_UART_Remappable_UART1_Init_Static0:
0x037D	0x0020      	MOVLB      0
0x037E	0x1E90      	BTFSS      PIR1, 5
0x037F	0x2B84      	GOTO       L___Lib_UART_Remappable_UART1_Init_Static1
;__Lib_UART_Remappable.c,37 :: 		
0x0380	0x0023      	MOVLB      3
0x0381	0x0819      	MOVF       RC1REG, 0
0x0382	0x00F0      	MOVWF      R0
0x0383	0x2B7D      	GOTO       L___Lib_UART_Remappable_UART1_Init_Static0
L___Lib_UART_Remappable_UART1_Init_Static1:
;__Lib_UART_Remappable.c,38 :: 		
L_end_UART1_Init_Static:
0x0384	0x0008      	RETURN
; end of __Lib_UART_Remappable_UART1_Init_Static
_memcpy:
;__Lib_CString.c,37 :: 		
;__Lib_CString.c,41 :: 		
0x0385	0x0025      	MOVLB      5
0x0386	0x0849      	MOVF       FARG_memcpy_s1, 0
0x0387	0x00F4      	MOVWF      R4
0x0388	0x084A      	MOVF       FARG_memcpy_s1+1, 0
0x0389	0x00F5      	MOVWF      R4+1
;__Lib_CString.c,42 :: 		
0x038A	0x0847      	MOVF       FARG_memcpy_d1, 0
0x038B	0x00F2      	MOVWF      R2
0x038C	0x0848      	MOVF       FARG_memcpy_d1+1, 0
0x038D	0x00F3      	MOVWF      R2+1
;__Lib_CString.c,43 :: 		
L_memcpy7:
0x038E	0x084B      	MOVF       FARG_memcpy_n, 0
0x038F	0x00F0      	MOVWF      R0
0x0390	0x084C      	MOVF       FARG_memcpy_n+1, 0
0x0391	0x00F1      	MOVWF      R1
0x0392	0x3001      	MOVLW      1
0x0393	0x02CB      	SUBWF      FARG_memcpy_n, 1
0x0394	0x3000      	MOVLW      0
0x0395	0x3BCC      	SUBWFB     FARG_memcpy_n+1, 1
0x0396	0x0870      	MOVF       R0, 0
0x0397	0x0471      	IORWF       R1, 0
0x0398	0x1903      	BTFSC      STATUS, 2
0x0399	0x2BAB      	GOTO       L_memcpy8
;__Lib_CString.c,44 :: 		
0x039A	0x0874      	MOVF       R4, 0
0x039B	0x0084      	MOVWF      FSR0
0x039C	0x0875      	MOVF       R4+1, 0
0x039D	0x0085      	MOVWF      FSR0H
0x039E	0x0872      	MOVF       R2, 0
0x039F	0x0086      	MOVWF      FSR1
0x03A0	0x0873      	MOVF       R2+1, 0
0x03A1	0x0087      	MOVWF      FSR1H
0x03A2	0x0800      	MOVF       INDF0, 0
0x03A3	0x0081      	MOVWF      INDF1
0x03A4	0x0AF2      	INCF       R2, 1
0x03A5	0x1903      	BTFSC      STATUS, 2
0x03A6	0x0AF3      	INCF       R2+1, 1
0x03A7	0x0AF4      	INCF       R4, 1
0x03A8	0x1903      	BTFSC      STATUS, 2
0x03A9	0x0AF5      	INCF       R4+1, 1
0x03AA	0x2B8E      	GOTO       L_memcpy7
L_memcpy8:
;__Lib_CString.c,46 :: 		
0x03AB	0x0847      	MOVF       FARG_memcpy_d1, 0
0x03AC	0x00F0      	MOVWF      R0
0x03AD	0x0848      	MOVF       FARG_memcpy_d1+1, 0
0x03AE	0x00F1      	MOVWF      R1
;__Lib_CString.c,47 :: 		
L_end_memcpy:
0x03AF	0x0008      	RETURN
; end of _memcpy
_UART_Read:
;__Lib_UART_Remappable.c,218 :: 		
;__Lib_UART_Remappable.c,219 :: 		
0x03B0	0x0020      	MOVLB      0
0x03B1	0x0835      	MOVF       _UART_Rd_Ptr, 0
0x03B2	0x00F0      	MOVWF      R0
0x03B3	0x0836      	MOVF       _UART_Rd_Ptr+1, 0
0x03B4	0x00F1      	MOVWF      R1
0x03B5	0x2318      	CALL       _____DoIFC
;__Lib_UART_Remappable.c,220 :: 		
L_end_UART_Read:
0x03B6	0x0008      	RETURN
; end of _UART_Read
_UART1_Write:
;__Lib_UART_Remappable.c,94 :: 		
;__Lib_UART_Remappable.c,95 :: 		
L_UART1_Write4:
0x03B7	0x0023      	MOVLB      3
0x03B8	0x189E      	BTFSC      TX1STA, 1
0x03B9	0x2BBC      	GOTO       L_UART1_Write5
;__Lib_UART_Remappable.c,96 :: 		
0x03BA	0x0000      	NOP
0x03BB	0x2BB7      	GOTO       L_UART1_Write4
L_UART1_Write5:
;__Lib_UART_Remappable.c,97 :: 		
0x03BC	0x0025      	MOVLB      5
0x03BD	0x082E      	MOVF       FARG_UART1_Write_data_, 0
0x03BE	0x0023      	MOVLB      3
0x03BF	0x009A      	MOVWF      TX1REG
;__Lib_UART_Remappable.c,98 :: 		
L_end_UART1_Write:
0x03C0	0x0008      	RETURN
; end of _UART1_Write
_UART1_Write_Text:
;__Lib_UART_Remappable.c,107 :: 		
;__Lib_UART_Remappable.c,108 :: 		
0x03C1	0x0025      	MOVLB      5
0x03C2	0x01AD      	CLRF       UART1_Write_Text_counter_L0
;__Lib_UART_Remappable.c,110 :: 		
0x03C3	0x082A      	MOVF       FARG_UART1_Write_Text_uart_text, 0
0x03C4	0x0084      	MOVWF      FSR0
0x03C5	0x082B      	MOVF       FARG_UART1_Write_Text_uart_text+1, 0
0x03C6	0x0085      	MOVWF      FSR0H
0x03C7	0x0800      	MOVF       INDF0, 0
0x03C8	0x00AC      	MOVWF      UART1_Write_Text_data__L0
;__Lib_UART_Remappable.c,111 :: 		
L_UART1_Write_Text8:
0x03C9	0x082C      	MOVF       UART1_Write_Text_data__L0, 0
0x03CA	0x3A00      	XORLW      0
0x03CB	0x1903      	BTFSC      STATUS, 2
0x03CC	0x2BDB      	GOTO       L_UART1_Write_Text9
;__Lib_UART_Remappable.c,112 :: 		
0x03CD	0x082C      	MOVF       UART1_Write_Text_data__L0, 0
0x03CE	0x00AE      	MOVWF      FARG_UART1_Write_data_
0x03CF	0x23B7      	CALL       _UART1_Write
;__Lib_UART_Remappable.c,113 :: 		
0x03D0	0x0025      	MOVLB      5
0x03D1	0x0AAD      	INCF       UART1_Write_Text_counter_L0, 1
;__Lib_UART_Remappable.c,114 :: 		
0x03D2	0x082D      	MOVF       UART1_Write_Text_counter_L0, 0
0x03D3	0x072A      	ADDWF      FARG_UART1_Write_Text_uart_text, 0
0x03D4	0x0084      	MOVWF      FSR0
0x03D5	0x3000      	MOVLW      0
0x03D6	0x3D2B      	ADDWFC     FARG_UART1_Write_Text_uart_text+1, 0
0x03D7	0x0085      	MOVWF      FSR0H
0x03D8	0x0800      	MOVF       INDF0, 0
0x03D9	0x00AC      	MOVWF      UART1_Write_Text_data__L0
;__Lib_UART_Remappable.c,115 :: 		
0x03DA	0x2BC9      	GOTO       L_UART1_Write_Text8
L_UART1_Write_Text9:
;__Lib_UART_Remappable.c,116 :: 		
L_end_UART1_Write_Text:
0x03DB	0x0008      	RETURN
; end of _UART1_Write_Text
_RxTask:
;LEDStrip.c,46 :: 		void RxTask(void){
;LEDStrip.c,53 :: 		char c = UART_Read();
0x03DC	0x23B0      	CALL       _UART_Read
0x03DD	0x0870      	MOVF       R0, 0
0x03DE	0x0025      	MOVLB      5
0x03DF	0x00C6      	MOVWF      RxTask_c_L0
;LEDStrip.c,54 :: 		switch (state){
0x03E0	0x2C65      	GOTO       L_RxTask13
;LEDStrip.c,55 :: 		case RX_STATE_START_1:{
L_RxTask15:
0x03E1	0x0025      	MOVLB      5
;LEDStrip.c,56 :: 		if(c == 0xDE){
0x03E2	0x0846      	MOVF       RxTask_c_L0, 0
0x03E3	0x3ADE      	XORLW      222
0x03E4	0x1D03      	BTFSS      STATUS, 2
0x03E5	0x2BE9      	GOTO       L_RxTask16
;LEDStrip.c,57 :: 		state = RX_STATE_START_2;
0x03E6	0x3001      	MOVLW      1
0x03E7	0x0020      	MOVLB      0
0x03E8	0x00A2      	MOVWF      RxTask_state_L0
;LEDStrip.c,58 :: 		}
L_RxTask16:
;LEDStrip.c,59 :: 		break;
0x03E9	0x2C86      	GOTO       L_RxTask14
;LEDStrip.c,61 :: 		case RX_STATE_START_2:{
L_RxTask17:
;LEDStrip.c,62 :: 		if(c == 0xAD){
0x03EA	0x0025      	MOVLB      5
0x03EB	0x0846      	MOVF       RxTask_c_L0, 0
0x03EC	0x3AAD      	XORLW      173
0x03ED	0x1D03      	BTFSS      STATUS, 2
0x03EE	0x2BF4      	GOTO       L_RxTask18
;LEDStrip.c,63 :: 		checksum = 0;
0x03EF	0x0020      	MOVLB      0
0x03F0	0x01A4      	CLRF       RxTask_checksum_L0
;LEDStrip.c,64 :: 		state = RX_STATE_LENGTH;
0x03F1	0x3002      	MOVLW      2
0x03F2	0x00A2      	MOVWF      RxTask_state_L0
;LEDStrip.c,65 :: 		}
0x03F3	0x2BFB      	GOTO       L_RxTask19
L_RxTask18:
;LEDStrip.c,66 :: 		else if(c != 0xDE){
0x03F4	0x0025      	MOVLB      5
0x03F5	0x0846      	MOVF       RxTask_c_L0, 0
0x03F6	0x3ADE      	XORLW      222
0x03F7	0x1903      	BTFSC      STATUS, 2
0x03F8	0x2BFB      	GOTO       L_RxTask20
;LEDStrip.c,67 :: 		state = RX_STATE_START_1;
0x03F9	0x0020      	MOVLB      0
0x03FA	0x01A2      	CLRF       RxTask_state_L0
;LEDStrip.c,68 :: 		}
L_RxTask20:
L_RxTask19:
;LEDStrip.c,69 :: 		break;
0x03FB	0x2C86      	GOTO       L_RxTask14
;LEDStrip.c,71 :: 		case RX_STATE_LENGTH:{
L_RxTask21:
;LEDStrip.c,72 :: 		dataLength = c;
0x03FC	0x0025      	MOVLB      5
0x03FD	0x0846      	MOVF       RxTask_c_L0, 0
0x03FE	0x0020      	MOVLB      0
0x03FF	0x00A6      	MOVWF      RxTask_dataLength_L0
;LEDStrip.c,73 :: 		checksum ^= c;
0x0400	0x0025      	MOVLB      5
0x0401	0x0846      	MOVF       RxTask_c_L0, 0
0x0402	0x0020      	MOVLB      0
0x0403	0x06A4      	XORWF      RxTask_checksum_L0, 1
;LEDStrip.c,74 :: 		state = RX_STATE_CMD;
0x0404	0x3003      	MOVLW      3
0x0405	0x00A2      	MOVWF      RxTask_state_L0
;LEDStrip.c,75 :: 		break;
0x0406	0x2C86      	GOTO       L_RxTask14
;LEDStrip.c,77 :: 		case RX_STATE_CMD:{
L_RxTask22:
;LEDStrip.c,78 :: 		cmdBuffer = c;
0x0407	0x0025      	MOVLB      5
0x0408	0x0846      	MOVF       RxTask_c_L0, 0
0x0409	0x0020      	MOVLB      0
0x040A	0x00A5      	MOVWF      RxTask_cmdBuffer_L0
;LEDStrip.c,79 :: 		checksum ^= c;
0x040B	0x0025      	MOVLB      5
0x040C	0x0846      	MOVF       RxTask_c_L0, 0
0x040D	0x0020      	MOVLB      0
0x040E	0x06A4      	XORWF      RxTask_checksum_L0, 1
;LEDStrip.c,80 :: 		dataIndex = 0;
0x040F	0x01A3      	CLRF       RxTask_dataIndex_L0
;LEDStrip.c,81 :: 		state = RX_STATE_DATA;
0x0410	0x3004      	MOVLW      4
0x0411	0x00A2      	MOVWF      RxTask_state_L0
;LEDStrip.c,82 :: 		break;
0x0412	0x2C86      	GOTO       L_RxTask14
;LEDStrip.c,84 :: 		case RX_STATE_DATA:{
L_RxTask23:
;LEDStrip.c,85 :: 		checksum ^= c;
0x0413	0x0025      	MOVLB      5
0x0414	0x0846      	MOVF       RxTask_c_L0, 0
0x0415	0x0020      	MOVLB      0
0x0416	0x06A4      	XORWF      RxTask_checksum_L0, 1
;LEDStrip.c,86 :: 		messageBuffer[dataIndex++] = c;
0x0417	0x301D      	MOVLW      RxTask_messageBuffer_L0
0x0418	0x00F0      	MOVWF      R0
0x0419	0x3020      	MOVLW      hi_addr(RxTask_messageBuffer_L0)
0x041A	0x00F1      	MOVWF      R1
0x041B	0x0823      	MOVF       RxTask_dataIndex_L0, 0
0x041C	0x0770      	ADDWF      R0, 0
0x041D	0x0086      	MOVWF      FSR1
0x041E	0x3000      	MOVLW      0
0x041F	0x3D71      	ADDWFC     R1, 0
0x0420	0x0087      	MOVWF      FSR1H
0x0421	0x0025      	MOVLB      5
0x0422	0x0846      	MOVF       RxTask_c_L0, 0
0x0423	0x0081      	MOVWF      INDF1
0x0424	0x0020      	MOVLB      0
0x0425	0x0AA3      	INCF       RxTask_dataIndex_L0, 1
;LEDStrip.c,87 :: 		if(dataIndex  >= dataLength){
0x0426	0x0826      	MOVF       RxTask_dataLength_L0, 0
0x0427	0x0223      	SUBWF      RxTask_dataIndex_L0, 0
0x0428	0x1C03      	BTFSS      STATUS, 0
0x0429	0x2C2C      	GOTO       L_RxTask24
;LEDStrip.c,88 :: 		state = RX_STATE_CHECKSUM;
0x042A	0x3005      	MOVLW      5
0x042B	0x00A2      	MOVWF      RxTask_state_L0
;LEDStrip.c,89 :: 		}
L_RxTask24:
;LEDStrip.c,90 :: 		break;
0x042C	0x2C86      	GOTO       L_RxTask14
;LEDStrip.c,92 :: 		case RX_STATE_CHECKSUM:{
L_RxTask25:
;LEDStrip.c,93 :: 		if(c == checksum){
0x042D	0x0025      	MOVLB      5
0x042E	0x0846      	MOVF       RxTask_c_L0, 0
0x042F	0x0020      	MOVLB      0
0x0430	0x0624      	XORWF      RxTask_checksum_L0, 0
0x0431	0x1D03      	BTFSS      STATUS, 2
0x0432	0x2C36      	GOTO       L_RxTask26
;LEDStrip.c,94 :: 		state = RX_STATE_STOP_1;
0x0433	0x3006      	MOVLW      6
0x0434	0x00A2      	MOVWF      RxTask_state_L0
;LEDStrip.c,95 :: 		}
0x0435	0x2C37      	GOTO       L_RxTask27
L_RxTask26:
;LEDStrip.c,97 :: 		state = RX_STATE_START_1;
0x0436	0x01A2      	CLRF       RxTask_state_L0
;LEDStrip.c,98 :: 		}
L_RxTask27:
;LEDStrip.c,99 :: 		break;
0x0437	0x2C86      	GOTO       L_RxTask14
;LEDStrip.c,101 :: 		case RX_STATE_STOP_1:{
L_RxTask28:
;LEDStrip.c,102 :: 		if(c == 0xBE){
0x0438	0x0025      	MOVLB      5
0x0439	0x0846      	MOVF       RxTask_c_L0, 0
0x043A	0x3ABE      	XORLW      190
0x043B	0x1D03      	BTFSS      STATUS, 2
0x043C	0x2C41      	GOTO       L_RxTask29
;LEDStrip.c,103 :: 		state = RX_STATE_STOP_2;
0x043D	0x3007      	MOVLW      7
0x043E	0x0020      	MOVLB      0
0x043F	0x00A2      	MOVWF      RxTask_state_L0
;LEDStrip.c,104 :: 		}
0x0440	0x2C43      	GOTO       L_RxTask30
L_RxTask29:
0x0441	0x0020      	MOVLB      0
;LEDStrip.c,106 :: 		state = RX_STATE_START_1;
0x0442	0x01A2      	CLRF       RxTask_state_L0
;LEDStrip.c,107 :: 		}
L_RxTask30:
;LEDStrip.c,108 :: 		break;
0x0443	0x2C86      	GOTO       L_RxTask14
;LEDStrip.c,110 :: 		case RX_STATE_STOP_2:{
L_RxTask31:
;LEDStrip.c,111 :: 		if(c == 0xEF){
0x0444	0x0025      	MOVLB      5
0x0445	0x0846      	MOVF       RxTask_c_L0, 0
0x0446	0x3AEF      	XORLW      239
0x0447	0x1D03      	BTFSS      STATUS, 2
0x0448	0x2C62      	GOTO       L_RxTask32
;LEDStrip.c,112 :: 		switch(cmdBuffer){
0x0449	0x2C5C      	GOTO       L_RxTask33
;LEDStrip.c,113 :: 		case CMD_SET_LEDS:{
L_RxTask35:
0x044A	0x0025      	MOVLB      5
;LEDStrip.c,114 :: 		memcpy(messageBuffer,leds_color,180);
0x044B	0x301D      	MOVLW      RxTask_messageBuffer_L0
0x044C	0x00C7      	MOVWF      FARG_memcpy_d1
0x044D	0x3020      	MOVLW      hi_addr(RxTask_messageBuffer_L0)
0x044E	0x00C8      	MOVWF      FARG_memcpy_d1+1
0x044F	0x30E5      	MOVLW      _leds_color
0x0450	0x00C9      	MOVWF      FARG_memcpy_s1
0x0451	0x3020      	MOVLW      hi_addr(_leds_color)
0x0452	0x00CA      	MOVWF      FARG_memcpy_s1+1
0x0453	0x30B4      	MOVLW      180
0x0454	0x00CB      	MOVWF      FARG_memcpy_n
0x0455	0x01CC      	CLRF       FARG_memcpy_n+1
0x0456	0x2385      	CALL       _memcpy
;LEDStrip.c,115 :: 		setLedsColorNow = true;
0x0457	0x3001      	MOVLW      1
0x0458	0x0020      	MOVLB      0
0x0459	0x00A7      	MOVWF      _setLedsColorNow
;LEDStrip.c,116 :: 		break;
0x045A	0x2C62      	GOTO       L_RxTask34
;LEDStrip.c,118 :: 		default:{
L_RxTask36:
;LEDStrip.c,119 :: 		break;
0x045B	0x2C62      	GOTO       L_RxTask34
;LEDStrip.c,121 :: 		}
L_RxTask33:
0x045C	0x0020      	MOVLB      0
0x045D	0x0825      	MOVF       RxTask_cmdBuffer_L0, 0
0x045E	0x3A0A      	XORLW      10
0x045F	0x1903      	BTFSC      STATUS, 2
0x0460	0x2C4A      	GOTO       L_RxTask35
0x0461	0x2C5B      	GOTO       L_RxTask36
L_RxTask34:
;LEDStrip.c,122 :: 		}
L_RxTask32:
0x0462	0x0020      	MOVLB      0
;LEDStrip.c,123 :: 		state = RX_STATE_START_1;
0x0463	0x01A2      	CLRF       RxTask_state_L0
;LEDStrip.c,124 :: 		break;
0x0464	0x2C86      	GOTO       L_RxTask14
;LEDStrip.c,126 :: 		}
L_RxTask13:
0x0465	0x0020      	MOVLB      0
0x0466	0x0822      	MOVF       RxTask_state_L0, 0
0x0467	0x3A00      	XORLW      0
0x0468	0x1903      	BTFSC      STATUS, 2
0x0469	0x2BE1      	GOTO       L_RxTask15
0x046A	0x0822      	MOVF       RxTask_state_L0, 0
0x046B	0x3A01      	XORLW      1
0x046C	0x1903      	BTFSC      STATUS, 2
0x046D	0x2BEA      	GOTO       L_RxTask17
0x046E	0x0822      	MOVF       RxTask_state_L0, 0
0x046F	0x3A02      	XORLW      2
0x0470	0x1903      	BTFSC      STATUS, 2
0x0471	0x2BFC      	GOTO       L_RxTask21
0x0472	0x0822      	MOVF       RxTask_state_L0, 0
0x0473	0x3A03      	XORLW      3
0x0474	0x1903      	BTFSC      STATUS, 2
0x0475	0x2C07      	GOTO       L_RxTask22
0x0476	0x0822      	MOVF       RxTask_state_L0, 0
0x0477	0x3A04      	XORLW      4
0x0478	0x1903      	BTFSC      STATUS, 2
0x0479	0x2C13      	GOTO       L_RxTask23
0x047A	0x0822      	MOVF       RxTask_state_L0, 0
0x047B	0x3A05      	XORLW      5
0x047C	0x1903      	BTFSC      STATUS, 2
0x047D	0x2C2D      	GOTO       L_RxTask25
0x047E	0x0822      	MOVF       RxTask_state_L0, 0
0x047F	0x3A06      	XORLW      6
0x0480	0x1903      	BTFSC      STATUS, 2
0x0481	0x2C38      	GOTO       L_RxTask28
0x0482	0x0822      	MOVF       RxTask_state_L0, 0
0x0483	0x3A07      	XORLW      7
0x0484	0x1903      	BTFSC      STATUS, 2
0x0485	0x2C44      	GOTO       L_RxTask31
L_RxTask14:
;LEDStrip.c,127 :: 		}
L_end_RxTask:
0x0486	0x0008      	RETURN
; end of _RxTask
_UART1_Init:
;__Lib_UART_Remappable.c,41 :: 		
;__Lib_UART_Remappable.c,42 :: 		
0x0487	0x2328      	CALL       _UART1_MapDefaultPins
;__Lib_UART_Remappable.c,43 :: 		
0x0488	0x3040      	MOVLW      _UART1_Read
0x0489	0x0025      	MOVLB      5
0x048A	0x00AE      	MOVWF      FARG_UART_Set_Active_read_ptr
0x048B	0x3000      	MOVLW      hi_addr(_UART1_Read)
0x048C	0x00AF      	MOVWF      FARG_UART_Set_Active_read_ptr+1
0x048D	0x3000      	MOVLW      0
0x048E	0x00B0      	MOVWF      FARG_UART_Set_Active_read_ptr+2
0x048F	0x3000      	MOVLW      0
0x0490	0x00B1      	MOVWF      FARG_UART_Set_Active_read_ptr+3
0x0491	0x30B7      	MOVLW      _UART1_Write
0x0492	0x00B2      	MOVWF      FARG_UART_Set_Active_write_ptr
0x0493	0x3003      	MOVLW      hi_addr(_UART1_Write)
0x0494	0x00B3      	MOVWF      FARG_UART_Set_Active_write_ptr+1
0x0495	0x30AE      	MOVLW      FARG_UART1_Write_data_
0x0496	0x00B4      	MOVWF      FARG_UART_Set_Active_write_ptr+2
0x0497	0x3002      	MOVLW      hi_addr(FARG_UART1_Write_data_)
0x0498	0x00B5      	MOVWF      FARG_UART_Set_Active_write_ptr+3
0x0499	0x3028      	MOVLW      _UART1_Data_Ready
0x049A	0x00B6      	MOVWF      FARG_UART_Set_Active_ready_ptr
0x049B	0x3000      	MOVLW      hi_addr(_UART1_Data_Ready)
0x049C	0x00B7      	MOVWF      FARG_UART_Set_Active_ready_ptr+1
0x049D	0x3000      	MOVLW      0
0x049E	0x00B8      	MOVWF      FARG_UART_Set_Active_ready_ptr+2
0x049F	0x3000      	MOVLW      0
0x04A0	0x00B9      	MOVWF      FARG_UART_Set_Active_ready_ptr+3
0x04A1	0x3034      	MOVLW      _UART1_Tx_Idle
0x04A2	0x00BA      	MOVWF      FARG_UART_Set_Active_tx_idle_ptr
0x04A3	0x3000      	MOVLW      hi_addr(_UART1_Tx_Idle)
0x04A4	0x00BB      	MOVWF      FARG_UART_Set_Active_tx_idle_ptr+1
0x04A5	0x3000      	MOVLW      0
0x04A6	0x00BC      	MOVWF      FARG_UART_Set_Active_tx_idle_ptr+2
0x04A7	0x3000      	MOVLW      0
0x04A8	0x00BD      	MOVWF      FARG_UART_Set_Active_tx_idle_ptr+3
0x04A9	0x2338      	CALL       _UART_Set_Active
;__Lib_UART_Remappable.c,44 :: 		
0x04AA	0x2379      	CALL       __Lib_UART_Remappable_UART1_Init_Static
;__Lib_UART_Remappable.c,45 :: 		
L_end_UART1_Init:
0x04AB	0x0008      	RETURN
; end of _UART1_Init
_CLC1_Initialize:
;LEDStrip.c,161 :: 		void CLC1_Initialize(void){
;LEDStrip.c,163 :: 		CLC1POL = 0x01;
0x04AC	0x3001      	MOVLW      1
0x04AD	0x003E      	MOVLB      30
0x04AE	0x0091      	MOVWF      CLC1POL
;LEDStrip.c,165 :: 		CLC1SEL0 = 0x0E;
0x04AF	0x300E      	MOVLW      14
0x04B0	0x0092      	MOVWF      CLC1SEL0
;LEDStrip.c,167 :: 		CLC1SEL1 = 0x27;
0x04B1	0x3027      	MOVLW      39
0x04B2	0x0093      	MOVWF      CLC1SEL1
;LEDStrip.c,169 :: 		CLC1SEL2 = 0x28;
0x04B3	0x3028      	MOVLW      40
0x04B4	0x0094      	MOVWF      CLC1SEL2
;LEDStrip.c,171 :: 		CLC1SEL3 = 0x0E;
0x04B5	0x300E      	MOVLW      14
0x04B6	0x0095      	MOVWF      CLC1SEL3
;LEDStrip.c,173 :: 		CLC1GLS0 = 0x05;
0x04B7	0x3005      	MOVLW      5
0x04B8	0x0096      	MOVWF      CLC1GLS0
;LEDStrip.c,175 :: 		CLC1GLS1 = 0x10;
0x04B9	0x3010      	MOVLW      16
0x04BA	0x0097      	MOVWF      CLC1GLS1
;LEDStrip.c,177 :: 		CLC1GLS2 = 0x08;
0x04BB	0x3008      	MOVLW      8
0x04BC	0x0098      	MOVWF      CLC1GLS2
;LEDStrip.c,179 :: 		CLC1GLS3 = 0x20;
0x04BD	0x3020      	MOVLW      32
0x04BE	0x0099      	MOVWF      CLC1GLS3
;LEDStrip.c,181 :: 		CLC1CON = 0x80;
0x04BF	0x3080      	MOVLW      128
0x04C0	0x0090      	MOVWF      CLC1CON
;LEDStrip.c,182 :: 		}
L_end_CLC1_Initialize:
0x04C1	0x0008      	RETURN
; end of _CLC1_Initialize
_PWM3_Initialize:
;LEDStrip.c,202 :: 		void PWM3_Initialize(void){
;LEDStrip.c,204 :: 		PWM3CON = 0x80;
0x04C2	0x3080      	MOVLW      128
0x04C3	0x002C      	MOVLB      12
0x04C4	0x0099      	MOVWF      PWM3CON
;LEDStrip.c,206 :: 		PWM3DCH = 0x06;
0x04C5	0x3006      	MOVLW      6
0x04C6	0x0098      	MOVWF      PWM3DCH
;LEDStrip.c,208 :: 		PWM3DCL = 0x40;
0x04C7	0x3040      	MOVLW      64
0x04C8	0x0097      	MOVWF      PWM3DCL
;LEDStrip.c,209 :: 		}
L_end_PWM3_Initialize:
0x04C9	0x0008      	RETURN
; end of _PWM3_Initialize
_TMR2_Initialize:
;LEDStrip.c,184 :: 		void TMR2_Initialize(void){
;LEDStrip.c,187 :: 		T2CLKCON = 0x00;
0x04CA	0x0020      	MOVLB      0
0x04CB	0x019E      	CLRF       T2CLKCON
;LEDStrip.c,189 :: 		T2HLT = 0x00;
0x04CC	0x019D      	CLRF       T2HLT
;LEDStrip.c,191 :: 		T2RST = 0x00;
0x04CD	0x019F      	CLRF       T2RST
;LEDStrip.c,193 :: 		T2PR = 0x13;
0x04CE	0x3013      	MOVLW      19
0x04CF	0x009B      	MOVWF      T2PR
;LEDStrip.c,195 :: 		T2TMR = 0x00;
0x04D0	0x019A      	CLRF       T2TMR
;LEDStrip.c,197 :: 		TMR2IF_bit = 0;
0x04D1	0x1090      	BCF        TMR2IF_bit, BitPos(TMR2IF_bit+0)
;LEDStrip.c,199 :: 		T2CON = 0x80;
0x04D2	0x3080      	MOVLW      128
0x04D3	0x009C      	MOVWF      T2CON
;LEDStrip.c,200 :: 		}
L_end_TMR2_Initialize:
0x04D4	0x0008      	RETURN
; end of _TMR2_Initialize
_SPI_Initialize:
;LEDStrip.c,151 :: 		void SPI_Initialize(void){
;LEDStrip.c,154 :: 		SSP1STAT = 0x00;
0x04D5	0x0024      	MOVLB      4
0x04D6	0x0194      	CLRF       SSP1STAT
;LEDStrip.c,156 :: 		SSP1CON1 = 0x20;
0x04D7	0x3020      	MOVLW      32
0x04D8	0x0095      	MOVWF      SSP1CON1
;LEDStrip.c,158 :: 		SSP1ADD = 0x00;
0x04D9	0x0192      	CLRF       SSP1ADD
;LEDStrip.c,159 :: 		}
L_end_SPI_Initialize:
0x04DA	0x0008      	RETURN
; end of _SPI_Initialize
_OSCILLATOR_Initialize:
;LEDStrip.c,139 :: 		void OSCILLATOR_Initialize(void){
;LEDStrip.c,141 :: 		OSCCON = 0x78;
0x04DB	0x3078      	MOVLW      120
0x04DC	0x0021      	MOVLB      1
0x04DD	0x0099      	MOVWF      OSCCON
;LEDStrip.c,143 :: 		OSCTUNE = 0x00;
0x04DE	0x0198      	CLRF       OSCTUNE
;LEDStrip.c,145 :: 		BORCON = 0x00;
0x04DF	0x0022      	MOVLB      2
0x04E0	0x0196      	CLRF       BORCON
;LEDStrip.c,148 :: 		}
L_OSCILLATOR_Initialize38:
;LEDStrip.c,149 :: 		}
L_end_OSCILLATOR_Initialize:
0x04E1	0x0008      	RETURN
; end of _OSCILLATOR_Initialize
_PIN_Initialize:
;LEDStrip.c,129 :: 		void PIN_Initialize(void){
;LEDStrip.c,130 :: 		ANSELA = 0;
0x04E2	0x0023      	MOVLB      3
0x04E3	0x018C      	CLRF       ANSELA
;LEDStrip.c,131 :: 		ANSELB = 0;
0x04E4	0x018D      	CLRF       ANSELB
;LEDStrip.c,132 :: 		ANSELC = 0;
0x04E5	0x018E      	CLRF       ANSELC
;LEDStrip.c,133 :: 		TRISB5_bit = 1;
0x04E6	0x0021      	MOVLB      1
0x04E7	0x168D      	BSF        TRISB5_bit, BitPos(TRISB5_bit+0)
;LEDStrip.c,134 :: 		RXPPS = 0x0D;   //RB5->EUSART:RX
0x04E8	0x300D      	MOVLW      13
0x04E9	0x003C      	MOVLB      28
0x04EA	0x00A4      	MOVWF      RXPPS
;LEDStrip.c,135 :: 		RB7PPS = 0x06;   //RB7->EUSART:TX
0x04EB	0x3006      	MOVLW      6
0x04EC	0x003D      	MOVLB      29
0x04ED	0x009F      	MOVWF      RB7PPS
;LEDStrip.c,136 :: 		RA2PPS = 0x04;   //RA2->CLC1:CLC1OUT
0x04EE	0x3004      	MOVLW      4
0x04EF	0x0092      	MOVWF      RA2PPS
;LEDStrip.c,137 :: 		}
L_end_PIN_Initialize:
0x04F0	0x0008      	RETURN
; end of _PIN_Initialize
___CC2DW:
;__Lib_System.c,71 :: 		
;__Lib_System.c,73 :: 		
_CC2DL_Loop1:
;__Lib_System.c,74 :: 		
0x04F1	0x0012      	MOVIW      FSR0++ 
;__Lib_System.c,75 :: 		
0x04F2	0x001E      	MOVWI      FSR1++ 
;__Lib_System.c,76 :: 		
0x04F3	0x03F0      	DECF       R0, 1
;__Lib_System.c,77 :: 		
0x04F4	0x1D03      	BTFSS      STATUS, 2
;__Lib_System.c,78 :: 		
0x04F5	0x2CF1      	GOTO       _CC2DL_Loop1
;__Lib_System.c,79 :: 		
0x04F6	0x03F1      	DECF       R1, 1
;__Lib_System.c,80 :: 		
0x04F7	0x1D03      	BTFSS      STATUS, 2
;__Lib_System.c,81 :: 		
0x04F8	0x2CF1      	GOTO       _CC2DL_Loop1
;__Lib_System.c,83 :: 		
L_end___CC2DW:
0x04F9	0x0008      	RETURN
; end of ___CC2DW
_main:
0x04FA	0x0020      	MOVLB      0
0x04FB	0x01A2      	CLRF       RxTask_state_L0
0x04FC	0x01A3      	CLRF       RxTask_dataIndex_L0
0x04FD	0x01A4      	CLRF       RxTask_checksum_L0
0x04FE	0x01A5      	CLRF       RxTask_cmdBuffer_L0
0x04FF	0x01A6      	CLRF       RxTask_dataLength_L0
0x0500	0x01A7      	CLRF       _setLedsColorNow
0x0501	0x304F      	MOVLW      79
0x0502	0x00A8      	MOVWF      ?lstr1_LEDStrip
0x0503	0x304B      	MOVLW      75
0x0504	0x00A9      	MOVWF      41
0x0505	0x300D      	MOVLW      13
0x0506	0x00AA      	MOVWF      42
0x0507	0x300A      	MOVLW      10
0x0508	0x00AB      	MOVWF      43
0x0509	0x01AC      	CLRF       44
;LEDStrip.c,17 :: 		void main(void) {
;LEDStrip.c,18 :: 		PIN_Initialize();
0x050A	0x24E2      	CALL       _PIN_Initialize
;LEDStrip.c,19 :: 		OSCILLATOR_Initialize();
0x050B	0x24DB      	CALL       _OSCILLATOR_Initialize
;LEDStrip.c,20 :: 		SPI_Initialize();
0x050C	0x24D5      	CALL       _SPI_Initialize
;LEDStrip.c,21 :: 		TMR2_Initialize();
0x050D	0x24CA      	CALL       _TMR2_Initialize
;LEDStrip.c,22 :: 		PWM3_Initialize();
0x050E	0x24C2      	CALL       _PWM3_Initialize
;LEDStrip.c,23 :: 		CLC1_Initialize();
0x050F	0x24AC      	CALL       _CLC1_Initialize
;LEDStrip.c,25 :: 		UART1_Init(115200);
0x0510	0x0023      	MOVLB      3
0x0511	0x159F      	BSF        BAUDCON, 3
0x0512	0x3044      	MOVLW      68
0x0513	0x009B      	MOVWF      SPBRG
0x0514	0x3000      	MOVLW      0
0x0515	0x009C      	MOVWF      SPBRG+1
0x0516	0x151E      	BSF        TXSTA, 2
0x0517	0x2487      	CALL       _UART1_Init
;LEDStrip.c,26 :: 		RCIF_bit = 0;
0x0518	0x0020      	MOVLB      0
0x0519	0x1290      	BCF        RCIF_bit, BitPos(RCIF_bit+0)
;LEDStrip.c,27 :: 		RCIE_bit = 1;
0x051A	0x0021      	MOVLB      1
0x051B	0x1690      	BSF        RCIE_bit, BitPos(RCIE_bit+0)
;LEDStrip.c,28 :: 		GIE_bit = 1;
0x051C	0x178B      	BSF        GIE_bit, BitPos(GIE_bit+0)
;LEDStrip.c,29 :: 		PEIE_bit = 1;
0x051D	0x170B      	BSF        PEIE_bit, BitPos(PEIE_bit+0)
;LEDStrip.c,31 :: 		while(1){
L_main5:
;LEDStrip.c,32 :: 		if(setLedsColorNow == true){
0x051E	0x0020      	MOVLB      0
0x051F	0x0827      	MOVF       _setLedsColorNow, 0
0x0520	0x3A01      	XORLW      1
0x0521	0x1D03      	BTFSS      STATUS, 2
0x0522	0x2D45      	GOTO       L_main7
;LEDStrip.c,33 :: 		uint8_t pixelIndex = 0;
0x0523	0x0025      	MOVLB      5
0x0524	0x01A9      	CLRF       main_pixelIndex_L2
;LEDStrip.c,34 :: 		setLedsColorNow = false;
0x0525	0x0020      	MOVLB      0
0x0526	0x01A7      	CLRF       _setLedsColorNow
;LEDStrip.c,35 :: 		for(pixelIndex = 0; pixelIndex < 180; pixelIndex++){
0x0527	0x0025      	MOVLB      5
0x0528	0x01A9      	CLRF       main_pixelIndex_L2
L_main8:
0x0529	0x30B4      	MOVLW      180
0x052A	0x0229      	SUBWF      main_pixelIndex_L2, 0
0x052B	0x1803      	BTFSC      STATUS, 0
0x052C	0x2D40      	GOTO       L_main9
;LEDStrip.c,37 :: 		SSP1BUF = leds_color[pixelIndex];
0x052D	0x30E5      	MOVLW      _leds_color
0x052E	0x00F0      	MOVWF      R0
0x052F	0x3020      	MOVLW      hi_addr(_leds_color)
0x0530	0x00F1      	MOVWF      R1
0x0531	0x0829      	MOVF       main_pixelIndex_L2, 0
0x0532	0x0770      	ADDWF      R0, 0
0x0533	0x0084      	MOVWF      FSR0
0x0534	0x3000      	MOVLW      0
0x0535	0x3D71      	ADDWFC     R1, 0
0x0536	0x0085      	MOVWF      FSR0H
0x0537	0x0800      	MOVF       INDF0, 0
0x0538	0x0024      	MOVLB      4
0x0539	0x0091      	MOVWF      SSP1BUF
;LEDStrip.c,38 :: 		while(BF_bit == 0);
L_main11:
0x053A	0x1814      	BTFSC      BF_bit, BitPos(BF_bit+0)
0x053B	0x2D3D      	GOTO       L_main12
0x053C	0x2D3A      	GOTO       L_main11
L_main12:
;LEDStrip.c,35 :: 		for(pixelIndex = 0; pixelIndex < 180; pixelIndex++){
0x053D	0x0025      	MOVLB      5
0x053E	0x0AA9      	INCF       main_pixelIndex_L2, 1
;LEDStrip.c,40 :: 		}
0x053F	0x2D29      	GOTO       L_main8
L_main9:
;LEDStrip.c,41 :: 		UART1_Write_Text("OK\r\n");
0x0540	0x3028      	MOVLW      ?lstr1_LEDStrip
0x0541	0x00AA      	MOVWF      FARG_UART1_Write_Text_uart_text
0x0542	0x3000      	MOVLW      hi_addr(?lstr1_LEDStrip)
0x0543	0x00AB      	MOVWF      FARG_UART1_Write_Text_uart_text+1
0x0544	0x23C1      	CALL       _UART1_Write_Text
;LEDStrip.c,42 :: 		}
L_main7:
;LEDStrip.c,43 :: 		}
0x0545	0x2D1E      	GOTO       L_main5
;LEDStrip.c,44 :: 		}
L_end_main:
0x0546	0x2D46      	GOTO       $+0
; end of _main
Symbol List:
//** Routines locations **
//ADDRESS    SIZE    PROCEDURE
//----------------------------------------------
0x0004      [22]    _interrupt
0x001A       [7]    _Unlock_IOLOCK
0x0021       [7]    _Lock_IOLOCK
0x0028       [6]    _UART1_Data_Ready
0x002E       [6]    _UART1_Remappable_Data_Ready
0x0034       [6]    _UART1_Tx_Idle
0x003A       [6]    _UART1_Remappable_Tx_Idle
0x0040      [10]    _UART1_Read
0x004A     [708]    __Lib_PPS_1618_19__PPS_Mapping
0x030E      [10]    _UART1_Remappable_Read
0x0318       [5]    _____DoIFC
0x031D      [11]    _PPS_Mapping
0x0328      [16]    _UART1_MapDefaultPins
0x0338      [65]    _UART_Set_Active
0x0379      [12]    __Lib_UART_Remappable_UART1_Init_Static
0x0385      [43]    _memcpy
0x03B0       [7]    _UART_Read
0x03B7      [10]    _UART1_Write
0x03C1      [27]    _UART1_Write_Text
0x03DC     [171]    _RxTask
0x0487      [37]    _UART1_Init
0x04AC      [22]    _CLC1_Initialize
0x04C2       [8]    _PWM3_Initialize
0x04CA      [11]    _TMR2_Initialize
0x04D5       [6]    _SPI_Initialize
0x04DB       [7]    _OSCILLATOR_Initialize
0x04E2      [15]    _PIN_Initialize
0x04F1       [9]    ___CC2DW
0x04FA      [77]    _main
//** Variables locations ** 
//ADDRESS    SIZE    VARIABLE
//----------------------------------------------
0x0000       [1]    INDF0
0x0001       [1]    INDF1
0x0002       [1]    PCL
0x0003       [1]    STATUS
0x0004       [1]    FSR0L
0x0005       [1]    FSR0H
0x0006       [1]    FSR1L
0x0007       [1]    FSR1H
0x000A       [1]    PCLATH
0x000B       [0]    PEIE_bit
0x000B       [0]    GIE_bit
0x0010       [0]    RCIF_bit
0x0010       [0]    TMR2IF_bit
0x0010       [1]    PIR1
0x001A       [1]    T2TMR
0x001B       [1]    T2PR
0x001C       [1]    T2CON
0x001D       [1]    T2HLT
0x001E       [1]    T2CLKCON
0x001F       [1]    T2RST
0x0022       [1]    RxTask_state_L0
0x0023       [1]    RxTask_dataIndex_L0
0x0024       [1]    RxTask_checksum_L0
0x0025       [1]    RxTask_cmdBuffer_L0
0x0026       [1]    RxTask_dataLength_L0
0x0027       [1]    _setLedsColorNow
0x0028       [5]    ?lstr1_LEDStrip
0x002D       [4]    _UART_Tx_Idle_Ptr
0x0031       [4]    _UART_Rdy_Ptr
0x0035       [4]    _UART_Rd_Ptr
0x0039       [4]    _UART_Wr_Ptr
0x003D     [200]    RxTask_messageBuffer_L0
0x0070       [1]    R0
0x0071       [1]    R1
0x0072       [1]    R2
0x0073       [1]    R3
0x0074       [1]    R4
0x0075       [1]    R5
0x0076       [1]    R6
0x0077       [1]    R7
0x0078       [1]    R8
0x0079       [1]    R9
0x007A       [1]    R10
0x007B       [1]    R11
0x007C       [1]    R12
0x007D       [1]    R13
0x007E       [1]    R14
0x007F       [1]    R15
0x008C       [0]    TRISA4_bit
0x008C       [0]    TRISA5_bit
0x008C       [0]    TRISA2_bit
0x008C       [0]    TRISA0_bit
0x008C       [0]    TRISA1_bit
0x008D       [0]    TRISB6_bit
0x008D       [0]    TRISB7_bit
0x008D       [0]    TRISB5_bit
0x008D       [0]    TRISB4_bit
0x008E       [0]    TRISC6_bit
0x008E       [0]    TRISC7_bit
0x008E       [0]    TRISC5_bit
0x008E       [0]    TRISC3_bit
0x008E       [0]    TRISC4_bit
0x008E       [0]    TRISC1_bit
0x008E       [0]    TRISC2_bit
0x008E       [0]    TRISC0_bit
0x0090       [0]    RCIE_bit
0x0098       [1]    OSCTUNE
0x0099       [1]    OSCCON
0x0116       [1]    BORCON
0x0165     [180]    _leds_color
0x018C       [1]    ANSELA
0x018D       [1]    ANSELB
0x018E       [1]    ANSELC
0x0199       [1]    RC1REG
0x019A       [1]    TX1REG
0x019B       [2]    SPBRG
0x019C       [1]    SPBRGH
0x019D       [1]    RC1STA
0x019E       [1]    TX1STA
0x019E       [1]    TXSTA
0x019F       [1]    BAUDCON
0x0211       [1]    SSP1BUF
0x0212       [1]    SSP1ADD
0x0214       [0]    BF_bit
0x0214       [1]    SSP1STAT
0x0215       [1]    SSP1CON1
0x02A9       [1]    main_pixelIndex_L2
0x02AA       [2]    FARG_UART1_Write_Text_uart_text
0x02AC       [1]    UART1_Write_Text_data__L0
0x02AD       [1]    UART1_Write_Text_counter_L0
0x02AE       [1]    FARG_UART1_Write_data_
0x02AE       [4]    FARG_UART_Set_Active_read_ptr
0x02B2       [4]    FARG_UART_Set_Active_write_ptr
0x02B6       [4]    FARG_UART_Set_Active_ready_ptr
0x02BA       [4]    FARG_UART_Set_Active_tx_idle_ptr
0x02BE       [1]    FARG_PPS_Mapping_rp_num
0x02BF       [1]    FARG_PPS_Mapping_input_output
0x02C0       [1]    FARG_PPS_Mapping_funct_name
0x02C1       [1]    FARG___Lib_PPS_1618_19__PPS_Mapping_rp_num
0x02C2       [1]    FARG___Lib_PPS_1618_19__PPS_Mapping_input_output
0x02C3       [1]    FARG___Lib_PPS_1618_19__PPS_Mapping_funct_name
0x02C4       [1]    FARG___Lib_PPS_1618_19__PPS_Mapping_lock
0x02C5       [1]    __Lib_PPS_1618_19__PPS_Mapping_rpVal_L0
0x02C6       [1]    RxTask_c_L0
0x02C7       [2]    FARG_memcpy_d1
0x02C9       [2]    FARG_memcpy_s1
0x02CB       [2]    FARG_memcpy_n
0x0617       [1]    PWM3DCL
0x0618       [1]    PWM3DCH
0x0619       [1]    PWM3CON
0x0E0F       [0]    PPSLOCKED_bit
0x0E0F       [1]    PPSLOCK
0x0E10       [1]    INTPPS
0x0E11       [1]    T0CKIPPS
0x0E12       [1]    T1CKIPPS
0x0E13       [1]    T1GPPS
0x0E14       [1]    CCP1PPS
0x0E15       [1]    CCP2PPS
0x0E16       [1]    ATINPPS
0x0E17       [1]    CWGINPPS
0x0E18       [1]    T2PPS
0x0E19       [1]    T3CKIPPS
0x0E1A       [1]    T3GPPS
0x0E1B       [1]    T4PPS
0x0E1C       [1]    T5CKIPPS
0x0E1D       [1]    T5GPPS
0x0E1E       [1]    T6PPS
0x0E1F       [1]    ATCC1PPS
0x0E20       [1]    SSPCLKPPS
0x0E21       [1]    SSPDATPPS
0x0E22       [1]    SSPSSPPS
0x0E23       [1]    ATCC2PPS
0x0E24       [1]    RXPPS
0x0E25       [1]    CKPPS
0x0E26       [1]    SMT1SIGPPS
0x0E27       [1]    SMT1WINPPS
0x0E28       [1]    CLCIN0PPS
0x0E29       [1]    CLCIN1PPS
0x0E2A       [1]    CLCIN2PPS
0x0E2B       [1]    CLCIN3PPS
0x0E2C       [1]    SMT2SIGPPS
0x0E2D       [1]    SMT2WINPPS
0x0E2E       [1]    ATCC3PPS
0x0E90       [1]    RA0PPS
0x0E91       [1]    RA1PPS
0x0E92       [1]    RA2PPS
0x0E94       [1]    RA4PPS
0x0E95       [1]    RA5PPS
0x0E9C       [1]    RB4PPS
0x0E9D       [1]    RB5PPS
0x0E9E       [1]    RB6PPS
0x0E9F       [1]    RB7PPS
0x0EA0       [1]    RC0PPS
0x0EA1       [1]    RC1PPS
0x0EA2       [1]    RC2PPS
0x0EA3       [1]    RC3PPS
0x0EA4       [1]    RC4PPS
0x0EA5       [1]    RC5PPS
0x0EA6       [1]    RC6PPS
0x0EA7       [1]    RC7PPS
0x0F10       [1]    CLC1CON
0x0F11       [1]    CLC1POL
0x0F12       [1]    CLC1SEL0
0x0F13       [1]    CLC1SEL1
0x0F14       [1]    CLC1SEL2
0x0F15       [1]    CLC1SEL3
0x0F16       [1]    CLC1GLS0
0x0F17       [1]    CLC1GLS1
0x0F18       [1]    CLC1GLS2
0x0F19       [1]    CLC1GLS3
